84838096,77384006
34198254,32657964
42239343,40871540
31001934,29837495
29828602,29062091
35623717,32359664
30283474,29452392
32085516,30716807
36168842,35201456
46065598,45243994
37187999,36272104
30758859,29709007
31161180,29766712
34163486,33312913
36807734,34245803
32249683,30021246
33735857,31897753
29990253,28648189
34051449,33389544
29883717,27106944
29923165,28779825
30745977,29665647
29499772,28892148
33561289,32759574
31594508,30955279
31206381,30294079
31107530,30114665
32242163,31579280
37533726,36807925
29382782,28747951
30556005,29978108
28209619,26967491
32081506,30951265
31996735,31100598
30992498,30102395
34722853,33409155
35350012,34629227
34702043,34017192
29227993,28554008
29918540,28642243
30259339,29680940
31190773,30613069
32993214,32414748
34752629,33934842
31149386,30587967
54234979,27889213
32623176,32051939
31520944,30695519
34452917,33695767
31644611,31093185
33153308,32271531
42357837,41802335
31499964,30954237
33735578,33148566
30293976,29492070
29255512,28095014
32159508,31608782
35041753,34485286
32301137,31590794
27753152,26705113
32278796,31646043
30423788,29138590
29863366,28893355
29755098,29026944
31310768,30349987
30692292,29491991
32502461,31578519
35140338,34589349
30616234,30065911
29277926,28587972
32528808,31809088
28767978,27503981
31405640,30263231
35217250,34667726
28539416,27509771
33161729,32061221
36527483,35765966
35394256,32036464
33570294,32537615
34766907,34080788
32303274,31628953
32824519,31513196
31579295,30629587
32801228,32096427
28648157,28068177
34860183,34288507
34497808,33689538
28911204,28366577
28990546,28177425
41809249,41261763
60862376,60295536
41586112,40582467
33836055,33304082
30459540,29916711
31249579,30499877
32168515,31212926
32393375,31853222
30178383,29638419
34740355,34095058
47943257,47373876
29286797,28661807
33940759,33437483
34273297,33057586
39648352,39110419
29989856,27328485
30756053,29878823
29859935,29221718
32948970,32160057
28355670,27765744
29138733,28671161
28982277,28008098
40991774,40524304
32570969,32060730
33756843,33291348
29510713,29050229
70799328,70311906
76573696,75802703
32244198,31407491
35363801,34902206
31679452,31059294
74013759,73104033
32076030,31287048
40391412,39247301
29542042,28102711
30253395,29160089
35765018,34957508
39509813,38163841
43370347,42835398
44275617,43747454
30088256,29582808
25235766,24767275
33508845,32886192
39163031,38723809
33110976,32576722
29396520,28810190
29018927,28440606
29130886,28662568
30769350,30331384
28128436,27540130
30081974,29625073
29946438,29489632
32479681,32045937
30433159,29963541
32630205,32169579
36445467,35978458
33638377,33167943
31086459,30644152
31617755,31136643
30217676,29763052
35139930,33690341
31952471,31479632
28344661,27480075
30118320,29322402
30238754,29774073
33593992,32966317
29526517,28929167
33784959,33188529
29821242,29325819
35131651,34554419
29266267,28652740
30314677,29686083
24687307,24123283
29501152,28954504
35960908,35314436
39864159,39363888
31651668,30976810
31419992,30950309
31503492,31062365
42706632,42257415
41754123,41257707
34998414,34531464
27567490,26950317
36835312,36371238
35845329,35390553
33461733,32999276
56492987,55993826
33901849,32951922
31564389,31100860
31181062,30565165
29813791,29400406
34136716,33502948
31918966,30961448
33963920,33478358
32024344,31560570
33236387,32795277
32667392,32166149
33731294,32829660
36696971,36133930
32814667,32368376
30938567,30354226
68267311,60152643
41525118,40496981
29334993,28826236
32364711,31952689
31503382,30910135
26727302,26257489
31954851,31561171
26455251,25934902
29843179,29420399
30005776,29577196
33376264,32980372
33597570,33106031
34048489,33489525
33580927,33074380
26848633,26292106
52293873,32965865
29619681,28797380
30778677,30417887
32955186,32552027
31810731,31440752
35715779,35312453
29932878,29519727
30829056,30370463
29403270,28946671
35215142,34155181
29055228,28594008
38347400,37943083
28052694,27654732
31872085,31462376
33382680,32960847
31802579,31391744
28626643,28246328
33498280,33112582
33749659,33338196
28846938,28269729
31012768,30505340
30015307,29629591
33317834,32873746
30461741,29935138
30780754,30233990
28399234,27704126
41283834,40850331
30420040,30036809
31598674,31067556
34209545,33629621
53820287,52946092
32407912,29907671
28274001,27247893
32169006,31672680
32650311,32268488
40103135,39663927
30256495,29871500
30200913,29718091
30097940,29723595
33460030,32903827
30100801,29483720
30780733,30286096
29190289,28653671
30322131,29923258
59946985,59505105
32100463,31158873
32353103,31932655
31311222,30548411
35340523,34800451
28261040,27853381
32304485,31656733
35739124,35273087
30758691,30287606
27820513,27436123
30441478,30050170
33409117,32942365
36703666,36142448
29912676,29483999
29332010,28809854
31070026,30665067
28457360,27976040
30805205,30335763
41413239,41016750
29976588,29483848
30308912,29599555
37036723,36595451
30749497,30166439
27348102,26930523
32887434,32262139
31782395,31124002
34238074,33750252
29502530,28996845
32512095,32133608
32975399,32593122
36295838,35794471
30362146,29963736
29039574,28499177
31352837,30965564
34507089,33982412
26746639,26214206
55812888,55387508
31409433,31004656
32629880,32249609
33652884,33252004
41486929,41117383
29862368,29381585
33846386,33454197
49673673,49263713
33688200,33195370
33420991,32929003
30367338,29974931
34207228,33729210
31881229,31477863
29940790,29407937
27658588,26926635
30841087,30469322
29704712,29242122
24330214,23874649
32172470,31761464
32573857,32198669
37078712,36668010
40508840,40106898
33942975,33561859
33102281,32720612
24061826,23606551
32994253,32619464
29568703,29112270
30100810,29687310
29144888,28645854
27607192,27224649
30163603,29697559
35261155,34764100
34145881,33632522
31490870,31001378
28065349,27297802
29956887,28404346
36416724,36019610
28454806,27954920
32537346,32146763
33970540,33513001
29523260,29154409
30566691,30018284
33047324,32304906
29851987,29477833
33641666,33154354
28672132,28221080
30560754,29238232
30300475,29900752
29966273,29591039
28837194,28450976
34228561,33827195
29706881,29293933
34581914,34087238
30647018,30164460
30247461,29779455
30086218,29645642
29746967,29376890
35682365,35291175
31031849,30513959
60106667,58810524
31419163,30652977
28452428,27885653
29251252,28811966
31821890,31307402
29004409,28569306
33742209,33368874
78480415,77625875
35553666,34695104
28455679,27931360
32813228,32066554
29397603,29003881
30014984,29642948
27513865,27111943
26347367,25888322
30928433,30408894
30347347,29615834
35128041,34710725
33756811,33395501
29475084,28658658
29683334,29278439
33813089,33408798
41731983,41370375
29428543,28980039
31063729,30578642
27505296,27040148
28253766,27358903
28004288,27538902
45113102,44123527
31000116,30144193
29997253,29542496
28193627,27752255
33782788,32961907
27063636,26695280
27464417,26960863
29844002,29488504
36979240,36610376
27690718,27315901
38421190,38006801
30508144,29709465
31529313,30521196
34533707,34045352
26807127,26363407
32375174,32001659
35043230,34568981
30876023,30461925
28560618,28128405
27966240,27488949
25387840,24963084
34327203,33984108
30563601,30108337
32803421,32424382
29927806,29560437
33465758,33023067
27588204,27127805
31398764,31021934
35075556,34602476
31856258,31453514
28307350,27946678
31253018,30878365
26694221,26214348
36188630,35731183
41727857,41383711
34973478,34600927
29709639,29372559
36126985,35606668
29737618,29354489
29425702,29061454
28634021,28270753
55247822,54840394
29765290,29319690
30729713,30361950
30836146,30406883
53257917,52792437
66135201,65708017
28351816,27880220
28714536,28245927
35390571,34916582
31244782,30889492
31334216,30882720
29459723,29110076
30050360,29570300
29515366,28535009
35816811,35390086
31191770,30756103
32781180,32393679
29138789,28783600
30435249,30076244
41572429,41187900
29980816,29614567
32898395,32517947
30113933,29349229
29947433,29439041
32567634,32219808
27250400,26891794
27520459,27183386
36673194,36166596
29143573,28781795
32600345,32202947
29761281,29286236
30216110,29837299
31311436,30924143
31013826,30551019
31421525,30458728
29998412,29522503
31836320,31347941
31163522,30839315
27533176,27169914
28486666,28158403
39208254,38816192
30251464,29740115
26196087,25323484
31545715,31169121
27384745,26805143
33134675,32793744
33248835,32785820
34316586,33858871
33193654,32832518
30141501,29770606
30968215,30526394
29855146,29417392
33836442,33393526
27774601,27203292
31974134,31526198
33077076,32638192
35318912,34960467
26852606,26158428
31870969,31004107
32286053,31839496
29030434,28553427
28523227,28158995
32723688,32366327
31172144,30789171
29914794,29571379
29874967,29529262
32242830,31879094
30176798,29799959
25937316,25588967
24419393,24030760
33303782,32889181
31655744,31284484
30071533,29584153
31257120,30773772
32606189,32152041
30094416,29725352
29750895,29384042
33194521,32839370
31621021,31271087
33337178,32905908
28599175,28244980
31479950,31124272
33018768,32640325
31527607,31168048
26847760,26500618
27508057,27027286
35514712,35089718
34196508,33758902
27506302,26581168
30140937,29693590
33461206,33066204
26643300,26171723
33358953,32674954
30454132,30108957
29481183,29031478
30796116,30466475
30356014,29995557
49593363,48617897
33510143,32413572
31408514,30358218
29683915,29243511
29080779,28631766
29952628,29593268
30137628,29796501
35306933,34853711
35360367,34943832
29112782,28783287
29729141,29343814
29351809,28637518
32529427,32135474
31680364,31347770
31913999,31496774
29857537,29451789
29171063,27813736
28509837,27864151
29772962,29425795
31731402,31371591
35571897,35143319
30045484,29692717
31032596,30153627
25477931,25056584
30533435,30118807
32691635,32275870
24429107,24033492
26047594,25758590
30683856,30267772
31696866,31337251
28279237,27889333
31064641,30730836
30850708,30517555
29794243,29453011
30612048,30170053
33342913,32937958
31023026,30696107
28806232,28408202
29893975,29549384
27777149,26948322
33219252,32893678
32065751,31716020
30039581,29665875
28885377,27280885
29596116,29238826
34236262,33817531
31770229,31441968
28973167,28538736
30288734,29864525
28399385,27778499
27514891,27123060
33134916,32680621
40081416,39727248
33804735,32990327
36133133,35784909
30703904,30358256
32631098,31779091
30969915,30543296
30463054,29956764
32809180,32459836
29616580,29261779
28617680,28281266
30614379,30180797
31932619,31510409
30326073,29982943
27562917,26791748
30271939,29894780
29265270,28863450
31647842,31211144
28506147,28153223
33205277,32848812
27653512,27318587
26765194,25919242
27821225,27395649
32713418,32342331
32921549,32468999
28198228,27783341
31106043,30660149
36439810,36079253
27744929,27324749
31308977,30855318
30055140,29709863
30003595,29562946
35659858,35217348
36300078,35956398
32537227,32166540
33235943,32884857
31038799,30670830
28665690,28330695
31920675,31589057
30823914,30472093
36210448,35826931
38418874,38059206
33908150,33565586
33809603,33382676
28637199,28298976
30696081,30343781
32098728,31666545
32754191,32309070
30055919,29725139
30530959,30178265
28336007,27762907
31155114,30725499
35721757,35303794
32588448,32244973
33876920,33427523
30348157,29913690
28687896,28203996
35030038,34611957
33306414,32967201
29108426,28705593
32470968,32115071
31835876,31413105
29712630,29278220
31080106,30600000
30544777,28374732
34577435,33755129
29079547,28573064
28328962,27896362
32835005,32492852
29166249,28706233
29663921,29301509
26235209,25824506
30565792,29813923
32405112,31981165
31675528,31210304
27486358,27070832
33585090,33156259
42382227,41842273
33467812,32776391
31754157,31268450
28709413,28274948
32004491,30744369
26649107,26251320
35355591,34950039
28272035,27961311
41039711,40725537
32983887,32666879
34734618,34425143
28189480,27766424
36735226,36323942
33006452,32609255
31882588,31403463
32550588,32233605
33017899,32655260
34639124,34276996
31428242,31129248
33065669,32756290
28954859,28596796
28661420,28277036
30152847,29735553
33552088,33111376
30258177,29922366
35422357,35006115
35606355,35212464
31590380,31198131
32228754,31907555
29639175,29318332
29616882,29312908
28956534,28567631
29911244,29501988
31887093,31558937
28267943,27729229
27049910,26724798
32623716,32215936
29690105,29360913
27412184,27058994
28330073,28021492
33228577,32805069
32138517,31721798
32734042,32415305
27672051,27269880
27106053,26734940
27285921,26978084
33074926,32676888
28851668,28516091
31022531,30696116
28847371,28446219
26768867,26352476
27594502,27251744
27199523,26874467
29196372,28892401
27212855,26802094
31572871,31263502
28812720,28443853
32169527,31851364
36250475,35585430
28212133,27797839
29821218,29496513
41642171,41315075
27156173,26780464
29639201,29285116
27999411,27609843
31520645,31081281
32843679,32505107
29178319,28692745
31581859,31185082
33885701,33479895
28940036,28614470
42160897,41809404
31888489,31568889
41024807,40707373
32063451,31680198
32422126,32000763
30727093,30339951
32402004,32089091
27472608,26956737
33033289,32660792
30443889,30126904
32477122,32046979
32529243,32144835
28706306,28315725
58181296,57844946
62970858,62652829
35566388,34783258
29407176,29023157
29199072,28835548
57929138,57546070
28484283,28145550
31795933,31300415
35621989,35212901
31163965,30352750
29741697,29352001
34310967,33967453
31839768,31311092
32245395,30470677
32876969,32091388
30138931,29725066
31831308,31486243
36454381,36000139
38208902,37882342
25751596,25382420
27405530,27014722
28534141,28215115
29632743,29298842
33143072,32757993
27763600,27382221
31759748,31437009
28613892,28311553
28443795,28124095
37238847,36755666
32792887,32326001
31309576,30740689
29546722,29136522
30100155,29760412
32093232,31686731
31133555,30683259
26136498,25784936
30219216,29911507
30246066,29615280
31546968,31218334
32038126,31259938
31232128,30762227
27428460,27103482
29272227,28877991
33762849,33347970
44560601,44196029
35374654,34319451
40975288,40483288
29478702,29003102
29912591,29603317
30559952,30270306
28103268,27805294
31486618,31132075
29870785,29574909
26784499,26427857
29575652,29295323
31825395,31458899
31341615,31059297
27325710,27020757
35051013,34720201
31886016,31591586
25524198,25221009
32905341,32606342
30293200,30015351
33263044,32970958
31788321,31396862
30071881,29782795
42146844,41856122
26941706,26564967
36977500,36692182
29812695,29464823
29469723,29118596
26781858,26375286
31684302,31292314
31058644,30706240
38065628,37621368
27232317,26881415
31915335,31597514
26852400,26469192
32405613,32102342
27719809,27358965
33588753,33250459
30793263,30413775
31200324,30804878
38116408,37694627
27390834,26969142
34032668,33639528
30894969,30585049
37073546,36645833
28731890,28448087
31098373,30821294
33094724,32821543
31461340,31113428
29402931,29035419
33184261,30861731
30520430,29918910
33292797,32855755
26962391,26672574
26220631,25847075
26832748,26558547
32416561,32135930
32454313,31934203
32706430,31707875
29311169,28798041
30786713,30446664
34248063,33970772
33479894,33131259
30132138,29833231
30453827,30076148
34093073,33814074
31351688,31092465
30850443,30550134
33455390,33116817
27711686,27323038
28421144,28133574
27337313,26999010
31685617,31410921
27375833,27084749
35440818,35125120
29845768,29566017
31299618,30892853
27852199,27498474
29740881,29445983
33373418,32977852
29803386,29402006
32914714,32550999
31088658,30513697
32773375,32325411
28902121,28533489
27080979,26765730
33128436,32769961
26419434,26052570
30286905,30000011
30949886,30657393
29998043,29725473
33430671,33129423
28894268,28603102
34736507,34445740
29289935,28560769
32010858,31640152
29572696,29197118
38173472,37890495
30027153,29735865
38252092,37638731
32038283,31314837
34656548,34220473
29414090,29047123
30452618,30092795
37062423,36746464
35822383,35434912
29094986,28746830
30626450,30333231
26658777,26313721
41375377,41094359
33089726,32802761
29313643,28954685
34038787,33685354
30649056,30354708
29916209,29638484
27581713,27286630
29411303,29012260
36045395,35692366
31036993,30742126
29405402,29117132
31195215,30791954
30538986,30195254
29597973,29255718
37104566,36812125
26905482,26610646
30005043,29638701
30630185,30257041
28968057,27945940
28247068,27816914
37555000,37237058
28687187,28340520
32531295,32073403
26300710,25957033
27924478,27562151
31306362,31027570
42164286,41864574
33573174,33212537
27542406,27151578
32354817,31994988
29528437,29243591
30987056,30629644
32848455,32487586
33245216,32953430
32975676,32563611
29783524,29496415
31379532,30963284
27111386,26687984
29075046,28716387
29890654,29620351
32170788,31897090
32075234,31697621
30876534,30577118
32532457,32218902
38373026,38093864
29418320,28831170
30787335,30475399
33105274,32800528
30718050,30433209
27276197,26988091
35185183,34789115
29861306,29593014
28059776,27655728
24801851,24466055
29485660,29199635
27013562,26710381
30412926,30058705
31478393,31199258
28108865,27730713
30622078,30217691
30252521,29912906
34093894,33740905
32643451,32361018
35810538,34738599
30039086,29688505
31185993,30815234
27525500,27177482
29572702,29286778
32582948,32293905
31928386,31561612
28455817,28130581
26387857,25999700
31581215,31235729
33019652,32572353
31280781,30940565
32299479,31950472
25025984,24685156
26637571,26256718
29983583,29645770
30223618,29946672
28301032,27958392
28438281,28162310
37089894,36812454
30798216,30480537
30673828,30251470
32628759,32324079
26473371,26195597
27637271,27287214
27650663,27197805
29494832,29168615
29093769,28730174
28658330,28284398
34608249,34316033
29265775,28902900
29285534,28907359
29115542,28742162
29845881,29557155
36622694,36351374
37345066,36924876
31192767,30906594
27382934,27081916
30927705,30674555
31236741,30931578
32023184,31736212
30332442,29992754
37241820,36964567
35232973,34813984
33570185,32965492
30099603,29503397
45427104,45139126
28185434,27850654
32057584,31752947
26426706,26049652
32735314,32442970
37422811,37128776
29047136,28741095
29371817,29007395
35440671,34630565
29529599,29229454
28910816,28580493
30176761,29876761
41696034,41412962
32512881,32239063
29391235,29094636
30259785,29919924
33621551,33250514
31143803,30784993
25664350,25247378
30036737,29701548
29760078,29471533
31852730,31508656
33646956,33366037
28336797,28048990
31498717,31175814
29090110,28718959
31642982,31294792
31943046,31670708
29324281,29067714
27163056,26885988
28823262,28462592
28381252,28071101
34192513,33803530
33818543,33456118
28385665,28103920
32809673,32142106
31039370,30732600
27461669,27107819
74393345,74114580
29732158,29451962
29913179,29330848
28306592,28018443
41319433,41026915
71206706,70471613
56465236,55671362
31376316,31088095
30969510,30669283
32719298,32449576
54833899,54459102
29326851,28976369
29828444,29517594
33809318,33542182
54130393,53514734
76135880,75562222
30749195,30487521
27729408,27452881
48061281,47685947
44066152,43661113
26889250,26539618
31088638,30720790
29789219,29398554
33882728,33517226
32363740,32070388
28508293,28210980
27293372,26999071
73791646,73397156
28829301,28489410
29772841,29238286
31829826,31475645
36143765,35870666
29870526,29566601
31130582,30696922
31818512,31429173
28482027,28166982
30072664,29775592
30763814,30463581
31783824,29791908
30166022,29876000
28206145,27926292
27710239,27324828
33010047,32307642
29993714,29713154
28192507,27828752
29892524,29621738
31946414,31560787
31543520,31192128
27845309,27469927
45132921,44855835
27866526,27260650
32312531,31962199
29775864,29400101
39904312,34136178
33161689,32770030
31512285,31205532
34103373,33738479
26677293,26303517
34050430,33683957
31124914,30826860
31901411,31622536
31912041,31629508
27447504,27165556
35015829,34632063
31182299,30797045
31390829,31100112
36812408,36480796
33448129,33062342
30928890,30576381
33349626,32987610
32124731,31782953
31762195,31422636
31948503,31671062
32446223,32121812
34381332,34018432
27619296,27257549
31245427,30956157
31120287,30746429
32077865,31789495
31944619,30710535
29854629,29519780
30779235,30460712
41217612,40931692
29029691,28469474
30304765,30022550
27347451,26627941
26484891,26105854
36561026,36237147
27261557,26980069
27508927,27237181
27080327,26780482
33529952,33192287
31160463,30875356
26995079,26710049
32928789,32610590
27387032,27106120
33877442,33592947
33691780,33399939
30823525,30520268
28825361,28472312
29483776,29208769
32217694,31917541
29727542,29333103
31595011,31310974
31297389,31015302
38875900,37010790
35731495,35313136
26688606,26323208
30578638,30245397
28552653,28236554
26064358,25733312
31448001,31098014
31440018,31161400
30418585,30067310
33439392,33111296
39472354,39110219
33901596,33624708
32846452,32566544
30161836,29898369
32417264,32158822
25796270,25471212
28318591,27927909
27888951,27472829
28243893,27957347
29213620,28921916
30644448,30342299
28847458,28543909
32217285,31822615
26709125,26350931
32068344,31722239
31326963,31047036
27668407,27333556
27052035,26681040
28193834,27905320
27437241,27157391
31017831,30735300
32646921,32204626
41508493,41217639
32480407,32124861
32839485,32543790
29212278,28861709
29587595,29027021
34850961,34499354
32589890,32312445
30981867,30628030
32613250,32325359
33143026,32837900
27709600,27314967
31827189,31477481
29898228,29563332
32846365,32574723
29874037,29515078
32118804,31800095
32279940,31990349
31203323,30844242
32279966,31985815
30199267,29904092
34696318,34406932
31958315,31604935
28915611,28606232
33235477,32956827
32340768,31945869
34814674,34489880
35032656,34671178
33906986,33545313
33842080,33509809
49314107,49030283
30524456,29847347
27910877,27548267
31526323,31233041
31778399,31403274
29897794,29573111
29686257,29392062
33006968,32624955
35214704,34860697
36985276,36587403
31509012,31111744
32767911,32367384
26860931,26485601
27515780,27169409
30763311,30417153
32305563,32018027
38015301,37734481
26897842,26487961
26608564,26262822
27848124,27510959
27834102,27470126
29643230,29264166
33206769,32859963
29302882,28975600
29448429,29085246
30660529,30331808
26484901,26116783
29242390,28912112
27210011,26932026
32644804,32344064
35187544,34815147
27025957,26637414
28371797,28017052
27088656,26810461
28986384,28624273
35499573,35203756
31997249,31720492
32432178,32154926
29976774,29705272
27010119,26731677
30603486,30300630
29188286,28890232
30136916,29855889
32881991,32482825
28970828,28654810
30701938,30282877
32273879,31943387
36639677,36353592
31566233,31229253
30194506,29912223
29945821,29666476
31475698,31130856
32874086,32551141
29498771,29195312
29856155,29577150
30143460,29862799
30592159,30319635
33792361,33515220
65368555,65083422
35185812,34504252
31653047,30452371
32054154,31548103
33473348,33089992
35780937,35444022
30655392,30311779
27563562,27219141
28816458,28482972
32430507,32059704
29495689,29131858
28975799,28711454
36496817,36206300
39216737,38950912
34984678,34363896
28086889,27827807
32632763,32294598
35133492,34853305
35772993,35386941
31109343,30825180
34707302,34434300
29283784,28891770
29884726,29503066
29040051,28748741
30420762,29937266
32025396,31675972
32086141,31813814
32098158,31751342
30070685,29701569
32530363,32217021
28843434,28519444
33091225,32752301
29838080,29561454
41281446,40993426
26017340,25653829
28115234,27794702
26522019,26203567
32228901,31917909
26348569,25993161
27494707,27154813
32282938,32000468
31504954,31225863
29742341,29427510
26973424,26647470
33161683,32804006
36439259,35745967
32726619,32459216
28473066,28186348
32467601,32127570
28263513,27967656
33271440,32893267
27518262,27204646
34491875,34126568
29836679,29493347
30122846,29830264
32398124,32011394
31670390,31392979
34918639,34627530
31968690,31639597
26269579,25938048
35447340,35116667
32969094,32651570
28014089,27672550
33140183,32854776
29920254,29647608
37669817,37119185
30725528,30354103
34469499,34191551
31619726,31319876
27933630,27594251
32418146,32107450
27478520,27195268
29258060,28927588
28262660,27919573
28491176,28176291
27606479,27251331
33914234,33554593
55217218,54952378
63945921,63641386
38119904,37839023
26662319,26297497
33096926,32810158
46135002,45785954
33377430,33094211
33570972,33229058
52035415,46570310
30128253,27588496
32614058,32323122
31781739,31454948
31107023,30687684
34846968,34499559
28575370,28286844
33573109,33293506
27468713,27128752
37755743,37475650
29594461,29321658
31067083,30799766
32355379,31995323
32543083,32268610
30153700,29776989
34252473,33880059
30481754,30168284
30968192,30607818
31154977,30764774
31927929,31649002
24865277,24533115
29025733,28635827
33258785,32907150
42510496,41758783
36237692,35651503
33530469,33244515
25014888,24655270
34181405,33884023
29962898,29671446
29879407,29600313
30150979,29864788
30804443,30092671
34714571,34378305
30135886,29868403
30782288,30428152
35623544,35339699
29909436,29585045
28847882,28500577
28251699,27957184
36133007,35844746
32152032,31789592
29972442,29691854
34319168,33913360
28626588,28352311
28606416,28346760
30818627,30528815
27016838,26717939
29359746,29003808
31293100,31023077
34638299,34338198
33581538,33246284
29539150,29190350
33815155,33461436
34289908,33916014
30686036,30320367
26689318,26321954
28933083,28640377
40846518,40566942
28230218,27873351
31777534,31490668
28762309,28386490
26702238,26360363
40809060,40516077
33027898,32761803
35754314,35404061
28424860,28127113
26277329,25920076
29209085,28870396
37971326,37668082
29603112,29055327
27238254,26951202
31293923,30993933
35497969,35150461
30366963,30096428
30897604,30630281
27272158,26812402
35409304,35008014
30591632,30192526
30115237,29773474
29987143,29700124
30521789,30187793
36010733,35705965
28266494,28002545
34340700,34031994
27281682,26999803
40007246,39716937
32170638,31762026
32372464,32015865
33093199,32816349
26077376,25711338
31168325,30867284
29614724,29330075
29106312,28822599
30605043,30282302
34435907,34102458
32909013,32568452
27368073,27088662
29960591,29680051
26799778,26515800
28657057,28317323
28827952,28508737
32025920,31689261
27800178,27433459
24499739,24138252
24680718,24347288
33030355,32556512
29998979,29607587
27824819,27528949
27397890,27004823
28907950,28629472
29900509,29625484
29972946,29630341
39976896,39655774
31638958,31356869
29088515,28816921
34152399,33812748
30224201,29924729
28033725,27666204
32558281,32277443
29238664,28725139
30503714,30133643
30775775,30381550
31513577,31144895
33859757,33483145
30604433,30246105
30409800,30066614
29646973,29356485
27834774,27538844
33262407,32969576
32963881,32672535
28545383,28241731
30666828,30297631
27248981,26981338
26628396,26244596
30679320,30290500
34750964,34471309
31767769,31456044
30703390,30349313
28736489,28448069
30028559,29654080
29073902,28651378
31955900,31553351
31497676,31196417
30209268,29917959
32572657,32217879
30211454,29928902
26543026,26181074
32057535,31765369
34373813,34042338
33230615,32955838
30350070,30039205
27320230,26965719
32767722,32435189
32685865,32353207
47923181,44286018
32424771,31996529
29519749,29149617
29598361,29256520
30171825,29893410
30800869,30440916
34439679,34090065
25681554,25387195
36815453,36523415
28558960,28260280
28740299,28465938
27880978,27590608
26712485,26352060
27324934,27039324
27363697,27028850
33176904,32849417
29238117,28949075
30236678,29942634
35343638,34973086
29784002,29508516
27834664,27489628
30448764,30081855
30135723,29786496
31168295,30887578
34513592,34160864
27532105,27123890
53145731,52796425
32598877,32264284
28518284,28203759
32749703,32449838
31292277,30881028
29076470,28532406
40533929,29160671
31709272,31438435
33708353,33428551
30006800,29721577
32888001,32604926
28671699,28313933
26977986,26709515
31814121,31542842
31881647,31599640
28862414,28582194
39202451,38904435
27572705,27225116
30204024,29838295
35271174,34904999
31571026,31228400
27525338,27191852
32931324,32653236
30082064,29708274
41643221,41318012
42904895,42606390
27875818,27521378
29936679,29647333
26291244,26005404
35270997,34916138
30220384,29923647
36916146,36544757
40952949,40678439
28468743,28206319
34797737,34519376
33075924,32797837
28970124,28609812
30678793,30292111
26939658,26558825
28917041,28571473
33248213,32861630
28964068,28642496
33259616,32860492
32810469,32488575
29460041,29162618
24997697,24647738
30017738,29744862
36794379,36520229
28432142,28151217
29960858,29601418
29366847,29064229
28106662,27858609
32879169,32597763
32718212,32445376
27690383,27329009
31454310,31183742
27674928,27336928
28082842,27661547
37788897,37516402
29414262,29055878
30442017,30150289
27716163,27376157
34350317,34064688
35138768,34800815
28294562,28002636
31779797,31484770
30899533,30632571
29391818,29129029
32965860,32691591
29868880,29586546
32800108,32525006
31076466,30812719
31077980,30808855
34607599,34338466
27101111,26840797
29838963,29540424
26577119,26319664
32519862,32244554
27216646,26864565
31317748,30981954
28212750,27872444
30649909,30350879
36689340,36422313
30474528,30190013
30252114,29919570
32913976,32640772
29551368,29251467
29079472,28705831
29295336,28973664
28892444,28630137
36586818,36311613
36842577,36551255
29780572,29516526
30150180,29874550
29830178,29558064
33254492,32968886
35091139,34772238
32808396,32530933
31683725,31400365
27576092,27131391
28413270,28123056
28810500,28476075
31412226,31126365
29060707,28703121
32876489,32567852
29025139,28720121
35776851,35489602
29215107,28944625
29682410,29416766
29138813,28762093
32385415,32048555
30273973,29996880
60892470,60134978
29375129,29106065
38539116,38243908
28053315,27793979
70713362,70288115
80444893,80044582
27652899,27192242
30422108,30094945
35933231,35603023
34336969,34049734
28380538,28131017
32746851,32363688
28610083,28255097
31120199,30736290
30258614,29981813
30814472,30544059
31269337,31001003
29361833,29069365
32398506,32150779
30478299,30192311
30945871,30578285
37085830,36732829
28712227,28344585
27203685,26860534
32087011,31772001
27706293,27381152
32994835,32662253
32092685,31737822
30916586,30634558
28687013,28345749
34078161,33722374
28767341,28249666
27473281,27193781
28667283,28358246
27312928,26984239
27113967,26831654
31547987,31130400
34508475,33803019
31569494,31300669
30361965,30036926
35665572,35385375
32141833,31804253
34093638,33761393
26036322,25719907
34260030,33936270
28752676,28462928
30425614,30138454
30377851,30093269
28413756,28119706
34765125,34482825
32669230,32404664
30881916,30576654
28659045,28304659
34521067,34224151
33379240,33105405
31123579,30794986
32266870,31926953
34749079,34480356
28156990,27887925
29865250,29587096
29011181,28639678
24798377,24523341
31814160,31229539
27086898,26814442
32001977,31674500
30158705,29881905
31312206,30903487
28401161,28114254
27623503,27283493
29145716,28869709
32511432,32242313
30626543,30280507
33736636,33476732
27308964,27038401
31910532,31627767
27766723,27416501
34342039,33982968
33241905,32941399
26954982,26676685
30718205,30371548
31466534,31191229
31701569,31419886
32389966,32122596
27804904,27537787
31148237,30815164
30491091,30150250
27223436,26559369
28055713,27772219
29954677,29627544
31607297,31329180
40808853,40481125
29037100,28733824
31065268,30779230
32260593,31989389
29827625,29473580
33845811,33511919
30718767,30424050
32974344,32629755
41534074,41270728
32477448,32183631
30479686,30209333
27774023,27449623
31646277,31260560
31828977,31569892
29100688,28722407
33065345,32758337
28143651,27839225
33219337,32849645
33452665,33092751
28661848,28354667
32763962,32489680
30194731,29891023
31625642,31334140
35934748,35637671
34092617,33386576
34560388,34214498
31870808,31614967
28018136,27725808
36922052,36612324
35430198,35124949
30438011,30097789
34303622,33950209
31622107,31346838
33384628,33033476
33307410,32898102
27938350,27595633
31480867,31139078
32671474,32385688
34652727,34360095
29683222,29392598
28594520,28228907
31853840,31566315
30929389,30610478
32051084,31717105
31790030,31513924
29676548,29041515
32841615,32516391
29670712,29398035
32192336,31849118
30358453,30078012
29118443,28717426
31263746,30926603
34212960,33945031
32467237,32171386
33314876,32945430
33317810,32967116
29748986,29464117
30283653,29746382
28416866,28134877
37514083,37215266
30751649,30414900
29429023,29052685
30167996,29826369
29531674,29239928
30598059,30334586
30679473,30355326
31094600,30716205
30131304,29853441
27371432,26919656
25671520,25321294
30974325,30596860
35703009,35428748
29932424,29631503
32945612,32679573
33875687,33486378
29724313,28771230
29998059,29645326
40894597,40588670
31516555,31241406
32759958,32315710
33083752,32760994
29450925,29039843
31207189,30855214
29728500,29432607
33875944,33586539
58884650,58587578
32583360,32270237
33073040,32766750
37151682,36884767
33348587,32999533
32156415,31828150
28722856,28175914
28218194,27595227
34619381,34276118
29911149,29636740
30556642,29963070
32147255,31870066
32851398,32478133
30324660,30027577
29457329,29062345
36162079,35866057
32819013,32469616
30991104,30738975
30064137,29784386
29077985,28725072
31773346,31495072
29418752,29066815
29164245,28890742
28306921,27976029
36712924,36359650
28577054,28303630
30133574,29824876
29932286,29645738
31316858,30968443
33468744,33120024
29948451,29680570
37881888,37606118
32971808,32676890
29228741,28966879
26821771,26454507
29648887,29286575
31158109,30901739
29227876,28951106
30268900,29939702
29962100,29662365
31808070,31474086
33762937,33402742
28068144,27710551
28648397,28393402
28885456,28371442
30871469,30531023
27700639,27332741
28258431,27990376
31448874,31178806
30498116,30163807
29556980,29255060
30269683,29940827
31499128,31159681
31423095,30672791
30832130,30477164
35437383,35075445
29983568,29585878
27174574,26913039
30202901,29860142
30019578,29731507
37469789,37109278
31912928,31642329
30698783,30359299
28601680,28329497
37389775,34743877
27519879,26792127
29843410,29498092
36098791,35828731
31201945,30921650
32106129,31814569
27830530,27367519
30192642,29916642
29876817,29543140
29494013,29235969
28553185,28290672
30864437,30536886
28543104,28268655
33044044,32780432
30000566,29644689
35042323,34674120
41872176,41540483
33670968,33378559
27007743,26729488
30631636,30286987
34188865,33759416
35900033,35639994
37740673,37352669
28527218,28186193
28975701,28642895
30390340,30048236
31003962,30656566
28981631,28712780
31913721,31528764
32320039,32048350
28767584,28506883
33439360,33157861
30132999,29787997
34165410,33794352
27450899,27119083
33978321,33621201
34876099,34555402
28952571,28693295
32091232,31811788
30839576,30568345
31277576,30999540
28752416,28419523
31534158,31251745
28077294,27792593
29087847,28801715
30316395,30040866
33962295,33635478
27665442,27327657
32893444,32623442
33016348,32610048
27568545,27210671
31035670,30758016
30572600,30302792
28280439,27999319
32812396,32530738
30779264,30436057
32145207,31846878
36350795,36068203
29206746,28870775
30406755,30130998
30313746,29965705
32619186,32258377
31227377,30952016
33173454,32819010
30856361,30568722
37377775,36979198
31010710,30679613
28419671,28154293
35589417,34796103
107243759,99744908
36635251,36302116
31098922,30824847
34666716,34299513
26254350,25916372
36055799,35772848
30606519,30315572
30875566,30608094
31898567,31519794
28662288,28289817
32857536,32581647
29897953,29377067
29464480,29121636
34936255,34589286
28377540,28088380
55331327,55040377
29436253,28754420
34473695,34195352
35866211,35549842
30010169,29722900
27412661,27078279
32325259,31976211
27335799,27052923
29690341,29415951
24444283,24123392
33016872,32699260
29816469,29377204
26917788,26528384
30173861,29922731
28916692,28644327
30548234,30234043
29919199,29504783
31077805,30804130
30159299,29827187
36782740,36409921
30602733,30306055
27487152,27215566
29789063,29450275
31230112,30943580
35140633,34886957
27311277,26949995
31604208,31327014
30466384,30152380
33469657,33207714
29378544,29043093
30157731,29886230
26574163,26224988
28252352,27932085
32415478,32141990
30189400,29826036
28477622,28128203
35000755,34633454
26872802,26557610
25812076,25553423
27378009,27080959
28538555,28233004
27023223,26719407
29854593,29505306
28985390,28663317
30786790,30448811
28923854,28618720
32249060,31908759
28959394,28604966
32447940,32187129
35014333,34666901
27357317,27059840
33293949,33012503
33732477,33480897
28870055,28582445
29800026,29467998
35038813,34731328
31686676,31424567
34946982,34615786
36568859,36241873
36842162,36544349
29906534,29625640
30678877,30422246
31018877,30716956
31259282,30893620
26803096,26444350
28360789,28088110
34544752,34272823
28842952,28507269
30176736,29838405
30480282,30207466
32997728,32707069
28670524,27991631
31235659,30915186
25109597,24797048
30970695,30716241
30419378,30100577
30006014,29702256
29279922,29007421
32632637,32316338
35757987,35417431
27483781,27220546
31293844,30977502
30132252,29832009
29753617,29421097
28389292,27793624
34078098,33726700
31162253,30895529
28068130,27807486
28599762,28334447
27945618,27613696
34715078,34460401
28310870,28065127
31266824,30895090
40020820,39702709
31757851,31506033
30606648,30322920
33893906,33526632
29933801,29249992
34190953,33849440
38853555,38537953
29599780,29322601
31170095,30903560
31127000,30835724
30008966,29728463
32138834,31798719
33846100,33500150
31816909,31547112
34489128,34210113
33118888,32848405
28550182,28248324
32606371,32248676
28787856,28456002
29740852,29150975
57699830,57053839
33549925,32934835
29314993,29023575
30543282,30262170
58582420,58317061
29394626,28570699
31128510,30824949
30030653,29762238
27840536,27505589
36128649,35842052
29707714,29355163
32963672,32646034
34335510,34059286
40551392,40243121
31671762,31397618
32313987,31963892
27878682,27550254
32686699,32378213
30094944,29821934
31164666,30899121
33844569,33482415
34920447,34644500
26279062,26005940
31667429,31313064
31355808,31027491
30514590,30233054
33463671,33195187
30384005,30114716
27667232,27332635
35351551,35023105
29141771,28631345
28013404,27555782
30197196,29835273
38124859,37840133
30810069,30454647
28399961,28128238
31810460,31543886
29357636,28984025
30978633,30655946
32067314,31154136
32106567,31735076
35931983,35555719
29464404,29106497
29811600,29419677
34556475,34292938
28536030,28264100
29688258,29354427
31155083,30854352
31258112,30982510
30781352,30441715
32542293,32263064
62495083,61801295
54122178,53535838
51195554,50562198
55639884,54615093
80606330,78971495
695754887297,695730437664
128482963,121494566
33316316,32772040
34209694,32809653
30739794,30483104
29982515,29589332
31664494,31446657
31016736,30778835
31726559,31429159
35607581,35312283
30139716,29916650
33435385,33143919
29567521,29342943
28908471,28637557
34071716,33767403
29655158,29383205
29648453,29033008
34141123,33741793
31197283,30353743
33190410,32927887
27753442,27352726
29191491,28881541
29616437,29385462
28252729,28027983
33492116,33187470
30966796,30731155
28850119,28560649
30833658,30610407
31814313,31564303
32018980,31789810
30317729,30085568
29616532,29386822
27269151,27046199
31677650,31348629
32937423,31548069
59297940,59028107
32977374,32740238
38877328,38109577
31960197,30891513
29958259,29738725
34060198,31479155
30206009,29637490
31839113,31567344
36298150,35997936
30426695,30187551
32494657,32231412
28643665,28365180
30113112,29815804
31732391,31471638
28867211,28588622
29580651,29350639
32386373,32070568
28965388,28660785
32939880,32194742
27577635,27198388
26536408,26263011
29237166,29011948
27794414,27544571
33440017,33139140
30887655,30674568
27958145,27665832
30641144,30083209
30718844,30503429
31121326,30888839
28582672,28352725
29074374,28853589
26817644,26601854
31434210,31072253
34740493,34504105
32725531,32424795
35379669,35077753
29175280,28953061
30147680,29913059
27538817,27307254
27589946,27300268
29894306,29672295
30083335,29856966
31458088,31226791
34000660,33688706
30119642,29884715
28492149,28243596
30160232,29924613
30625812,30341207
33247059,32943647
30017790,29784860
30547691,30247754
40777252,40550437
31052830,30827331
32574838,32349291
29723284,29446528
28576834,28283469
31412782,31192722
33932979,33680651
31188132,30881596
26897356,26624997
31041753,30807419
30167771,29817961
26697141,26462383
28084602,27784966
30391086,30091230
28913340,28603073
31292296,31069282
32528263,32310670
29796704,29573136
28681530,28393991
31820270,31516350
27649437,27263317
30584663,30293414
34712187,34488906
27418808,27092255
38554569,37312915
30816928,30512558
32155485,31866093
32966674,32683016
28952168,28683860
29654153,29375407
32309112,31977080
31885035,31669656
32103322,31813913
27905817,27691977
32572511,32346924
32961001,32669952
28535240,28287858
29100545,28692658
42036471,41812709
30148562,29929031
42729713,42019236
34299451,34005402
29951840,29700496
30878963,30566078
30999664,30753057
31153160,30915902
29007668,28768854
34947351,34630841
34542406,34320788
28465091,28239295
32593553,32353174
30813588,30565203
37602141,37382687
27584004,27213491
29307884,29090077
28653715,28372069
33570015,33334699
27711003,27432788
28040732,27819753
28174325,27927351
29706030,29462699
32543969,32304620
33264032,33051421
29155805,28929395
30084495,29836370
31504715,31195237
31388497,31133830
30404521,30173694
31745632,31422092
36553842,36319360
29432385,29105266
34409923,34120169
29002046,28547118
30279757,30010004
35298370,35026490
37288329,36960187
39757970,39540783
29986193,29761993
30057188,29836327
25274802,25033155
33486136,33195377
41888021,41652083
33172905,32879964
29768561,29512144
28328591,28040335
30015108,29795743
32338565,32075649
29243241,28954916
30118322,29868746
28129377,27919842
32872240,32625839
30049304,29811407
32568130,32346057
37380136,37152032
31998735,31788628
31896854,31646311
30982700,30762400
29686437,29470036
33843610,33591861
32219985,31992063
28285721,27877548
30297293,30056890
29284353,29055029
32370615,32114450
26682219,26409573
33560354,33265641
30100390,29866883
35086709,34807498
28493148,28226266
30603845,30298370
46871691,46600702
61032227,58624880
32655885,32354676
32118555,31903422
30659989,30368987
30967719,30730135
31791481,30996457
41052868,40829549
45809538,45580180
32825341,32561459
27644191,27311762
37330696,37102990
35805411,35569655
33343435,33073991
28403600,28157793
34390791,34144082
31428970,31202675
31074819,30738178
30380201,30183772
34500613,34219181
33303568,33007810
34095956,33848884
32387818,32152270
33161612,32943446
30943158,30715442
33714416,33421292
35120870,34828779
32770308,32548327
28904005,28580295
31423919,31143766
37317042,37082956
29149073,28604931
31485729,31277972
30110745,29837838
26035601,25756495
31168190,30948372
26466820,26155167
29413322,29199811
30091338,29838231
32640482,32425604
33392192,33082334
33355519,33032969
33090059,32785262
25827152,25482201
33167991,32832817
29765495,29544956
31740969,31501156
33016779,32791170
31350636,31133550
31828276,31601036
29933286,29711131
32072344,31797303
29498662,29213534
31012490,30787295
28604743,28369935
38272793,38042248
28071322,27798866
32007285,31774797
33088028,32871272
31663686,31445301
28735303,28505544
33445686,33185439
30916845,30682939
27598131,27278162
30838547,30528825
29777565,29512975
30268788,30057543
30488206,30176365
29867074,29586616
27798946,27419714
41449319,41205249
32094090,31862991
29510195,29254029
31935842,31643392
29342086,29127699
28103116,27889033
27181221,26899330
31481494,31203283
32556303,32325049
40618845,40389792
31013137,30785450
32750048,32430172
30555078,30327419
26474624,26157235
29871899,29551576
30914816,30609749
28671021,28379872
31247610,31037273
27273283,27055127
30226712,29992698
30961215,30739886
29441552,29206897
33602504,33312262
26455938,26204469
26543900,26202610
36091563,35767635
29945663,29642204
27213705,26954704
30172526,29947428
32768112,32536934
35148825,34851931
29942368,29686568
26932988,26650941
29956979,29723406
26101920,25800264
29247823,28974848
41488438,41255240
29228020,28911300
30893069,30664419
35058687,34833721
30795866,30506712
27064062,26836189
33597900,33249531
31497201,31165035
34039763,33751973
29027105,28755934
32173582,31950635
32422731,32202528
34886322,34628485
29756685,28761464
28586493,28285416
31011118,30774088
33459387,33160920
26012878,25716457
29867539,29644863
31030748,30803425
29383352,29125385
32888014,32657864
41896532,41683140
28900139,28610725
32653956,32434981
35709253,35482073
93746536,93011548
32808686,32528296
30317578,30080967
33291820,33008216
31345691,31096363
67782447,66943336
55692490,55466379
30494259,30255289
28575695,28278089
23528338,23244301
37160000,36923935
32245321,32003965
38513865,38288273
32429813,32186108
32543916,32292982
32605164,32391171
24701466,24428632
32769845,32536420
29050034,28801476
29570114,29355873
28541039,28275423
26500847,26206038
29456525,29164456
36879955,36544405
33560624,33241667
30101699,29834532
35752660,31591380
29424116,29119327
35869821,35660365
27554778,27280780
32366852,32146582
33751990,33475006
29840693,29607983
31164746,30861277
30910290,30667628
28350935,28120893
32942238,32651623
30029618,29718003
30888647,30654742
28364796,28149677
29729860,29509846
28684249,28457314
34122942,33880950
29562731,29345465
33705566,33422844
30703422,30392809
28732162,28422025
30121811,29831171
29658807,29426971
32732898,32494745
30414741,30115377
29171180,28869595
29703698,29474667
27828841,27510649
29108139,28820332
30903664,30609497
28160731,27939214
33794477,33565626
34347968,34066566
35758439,35496459
27678759,27400206
32305414,32083684
32116763,31885601
31360048,31137095
27614113,27366652
27538823,27211076
31789249,31506370
29578368,28843472
35154290,34930516
32837860,32612424
28837953,28557664
29553326,29312103
33137566,32905596
42248313,42008771
28954182,28668934
29447040,29142030
27493766,27201805
26427898,26108206
26818116,26513665
35872063,35455350
31667801,31364520
29335989,29120640
26464423,26206377
33738754,33471258
27258866,26958576
26358212,26081468
30347354,30118652
36907336,36671821
27462274,27222110
30958143,30709773
31222581,30928531
29920181,29695050
37917742,34331032
26141247,25499008
31080348,30858428
29762148,29484368
30306244,30074539
28317735,28034391
28937835,28664380
26192704,25910168
34037608,33789912
29585328,29287524
32183085,31978284
29102763,28888258
33179758,32876065
24463653,24192428
30087714,29864922
33377457,33122108
31393467,31173284
36118757,35909977
31669410,31392298
26730045,26419259
34767098,34445226
41728671,41451825
34146348,33900805
30436944,30189377
35141551,34867612
29990777,29761103
43469018,43195361
29141318,27703030
29096923,28878686
30322897,30024824
31162372,30922599
30475086,30182477
27159614,26944015
27218786,26972445
28804828,28509948
27521509,27227334
32735098,32456167
30659794,30441839
27787203,27489765
28924197,28701659
27123361,26818034
30201611,29862242
34564366,34279834
30862467,30579404
33579298,33348005
28200762,27974956
29736058,29518935
40858798,40580846
29623167,29382305
32494521,32264218
28548958,28056307
29127255,28800305
32458550,32239442
27011471,26772226
27208573,26986867
33626027,33361871
27231209,26981452
31394023,31193299
28723389,28450061
29900127,29676751
29645763,29403439
31554054,31242060
31630799,31308354
30148511,29855644
32035502,31734482
32129563,31893098
27634365,27415515
29874375,29663298
39137750,38905940
30504846,30202247
26575375,26303555
32035942,31817559
26933826,26552823
32476793,32251848
33666085,33382974
35234251,34966504
33386605,33163673
29705210,29473054
31161379,30884848
29971128,29698835
33734351,33474852
27291122,26918059
31441423,31165285
33163481,32871534
34525181,34300606
41158317,36367564
26147618,25871703
30827661,30613037
30204768,29912503
28191089,27964854
31254600,31032092
31243220,31003211
29041697,28812511
30410379,30189360
32703891,32481358
30185946,29959067
24189409,23964790
23697582,23449324
32549254,32324795
32658654,32438352
29582799,29302833
29875473,29602397
29804994,29535339
30516327,30285260
28611453,28389245
32487599,32257609
30932045,30686504
32867297,32580361
28486732,28201857
31247005,31031908
32762951,32521947
31427425,31181903
26976164,26757460
27735406,27432119
33613986,33346308
31592411,31367907
26066016,25733218
29871727,29578496
28328355,28093031
26538187,26242206
31204448,30963131
46164661,45944537
28506225,27877394
30446210,30184764
28915293,28674938
36161343,35637536
31246805,30943833
28889231,28586132
30494901,30226898
29775350,29506048
29782648,29549054
29515319,29292128
35023725,34752481
35734577,35454016
30727391,30500842
30064952,29797117
29299031,28808465
37825088,37510786
31615519,31350184
30728192,30442181
31605729,30983545
28177827,27969576
30006628,29053021
31496017,31270883
32536875,32305553
43656750,43351060
29903368,29679420
31412073,31058261
24852342,24295914
29692210,29392447
33768564,33506635
24802953,24522913
38476786,38222429
33055424,32697509
32201522,31941986
28633762,28415635
31891200,31658509
32183648,31988255
29070790,28866920
29781788,29510708
55626402,55326198
30614687,30378396
29125352,28856352
29017557,28804023
29320113,28942282
30108787,29849844
31878610,31519255
30568339,30299642
25259605,24968704
29405944,29173806
33532060,33254315
30739052,30529868
28699267,28430503
29919244,29631196
28469302,28054693
28454809,28242029
31734639,31469024
39500856,39287540
32672966,32451905
35715396,35510015
30759196,30541230
31738490,31460881
30621824,30308362
29677469,29354199
31698316,31497726
27615378,27377134
28213256,27980519
30173024,29906395
31631820,31352860
30428462,30223829
27573348,27309194
29988225,29770731
29119776,28843841
31283800,30994215
28410285,28196804
32655532,32431231
27100975,26872757
26538899,26220096
27494304,27201742
32354393,32140401
32356191,32078040
27402257,27142813
32045867,31740682
36276033,36033415
27379639,27080047
30716672,30089443
29988201,29718125
29584659,28968774
35500400,35190261
36242334,36029250
31698126,31439504
32690657,32457437
29777286,29570997
27213756,26975160
33100259,32882995
29424397,28819453
29305811,29059684
73770141,73554590
63710509,63462506
35127229,34833831
27676681,27490752
30811089,30592733
60133446,59494009
34688755,34412291
29912324,29715235
29849319,29653277
28741731,28369466
31241840,30982662
34382070,34142696
32765211,32566788
34250070,33979989
30741607,30498576
28910173,28611803
33615282,33389715
34622472,34428096
27970917,27705210
32363631,32177405
30426500,30183448
28175455,27924907
30494552,30238217
28393757,27998074
34011656,33765409
29532913,29226592
28068065,27796510
32843869,32646328
29152438,28857760
29883920,29693210
26129553,25881531
29932709,29716193
32746977,32482790
31554770,31291805
27387221,27127175
33267039,33005301
31102254,30807430
32991513,32746457
31608225,31331611
27646861,27390934
31856442,31638692
26568182,26310025
35185587,34935747
28340989,28133726
40851414,40642934
32801396,32599305
34455087,34243594
27778319,27535723
39122478,38863608
33298068,33044628
31363443,31072037
32648748,32449644
32636240,32434890
35022250,34813864
33631407,33426022
33133416,32926285
29182863,28937886
27531049,27287601
29943299,29671525
33818829,33570167
30146880,29950791
35272562,35028913
35507050,35257696
52301104,52057116
33925706,33390758
30009711,29796501
28894790,28674374
28396030,28146546
29520740,29280613
30199466,30026123
27803386,27438230
25724503,25527953
32448666,32191827
29733745,29510035
27696272,27484938
28405248,28199520
33296576,33027441
32450266,32198025
33353007,33153499
27473376,27219129
27850457,27586389
27772902,27578205
32908502,32669920
28849743,28635659
31235497,31042880
28909234,28631232
27942980,27697070
42961570,42774892
26542468,26023528
29837693,29650657
26349999,26099723
30621621,30437573
28644744,28443744
33259861,33056691
36278789,36079564
28456451,28206242
29577494,29386558
40983725,40789356
27020761,26823649
28531364,28319770
27711169,27448351
31184131,30932086
32327507,32142889
28608188,28296151
31147864,30908881
32677325,32432635
28278357,28088985
41306683,41112693
31342831,31139768
40972158,40767339
31867500,31630326
32088614,31839951
29898448,29653458
31982547,31773031
27664478,27330306
27929907,27686306
29953564,29758450
32595115,32322680
32289838,32012631
29203864,28938445
31167808,30964570
35053169,34832842
35824776,35579689
28175269,27915674
30296907,30091239
25723800,25533079
28410931,28207606
31136894,30828246
31979821,31729611
30540482,30241292
30435593,30175314
33032244,32839904
30993079,30699712
31638063,31412305
31673704,31347134
30243028,29969757
32011660,31822787
36743952,36466565
37805991,37609331
24739110,24488725
27285884,27027703
28226111,28036588
28996373,28809221
34137338,33883070
27843313,27566735
31783838,31588312
27738076,27551449
30354227,30159673
37644961,36494837
31410832,31129869
32521900,32208464
37569118,37299382
30042451,29841954
31707363,31438600
29794261,29494053
26251744,26012945
29284978,29108327
28889196,28459979
31396972,31200466
30969756,30708969
30999287,30689204
26574385,26383760
29106107,28842271
33641613,33383324
31431551,31239875
34607918,34421959
30128624,29924422
28302480,28042361
28453291,28256395
30105712,29903292
28325458,28132334
31828208,31588629
30003093,29814450
25993987,25745967
30320725,30109309
31234336,30952206
31171410,30978495
27046728,26847087
35598770,35342454
31525846,31336216
26448661,26257157
32964866,32773941
29871289,29678847
33353603,33171385
31528513,31266692
30594021,30380777
41871921,41666699
26103204,25840095
35685557,35466954
28661125,28425798
29641013,29384279
26932906,26692173
30618456,30382896
33205969,32953964
37315088,36965824
26699828,26473738
30209177,29992352
26376419,26103344
30889239,30630919
28163557,27891114
32951937,32699301
30284239,30055883
29054160,28805062
36798865,36529229
25470080,25204291
32828575,32584190
30449455,30239271
36299054,36005560
28837754,28632801
31321275,30804546
32876967,32674109
31905961,31661091
28959732,28687411
30907537,30644058
30099152,29901008
33408893,33139694
26962826,26764282
26191321,25957592
26298513,26100755
32210076,32001013
32405502,32112672
31803353,31512002
28486348,28217342
30394847,30125906
34356368,34143671
33206138,32931972
29968431,29760038
29724308,29480981
34799481,34613277
30921964,30724517
31052337,30846955
33087887,32887475
27372447,27100959
29797361,29591940
27092142,26823536
31470841,31274891
27013213,26819196
34856374,34665504
30325236,30117952
31511078,31258912
27650860,27395931
28797143,28569675
33029677,32748132
30066086,29821725
30028815,29796630
30250310,30048332
36566505,36231992
27956433,27705409
27487308,27244226
34025887,33744105
26368641,26104423
43092299,42896051
31540111,31034990
29883184,29673671
33249761,33059609
29398679,29208462
33112306,32922969
28593764,28346330
32181257,31922690
28468030,28204104
39492184,39291534
29368718,29180545
37851473,37641416
31879926,31566070
33877388,33593014
29855048,29614266
29779498,29528737
36628961,36431558
35587992,35351171
28521013,28285796
30496990,30303729
26708110,26447955
40800319,40596483
32391570,32184935
29550795,29274522
33497193,33230360
30199983,30002027
30518510,30326739
27190732,26997920
29227033,28968119
36083506,35832236
30329093,30122246
29917883,29729882
29846287,29562107
30315847,30044251
28718115,28466608
36968153,36774222
27821753,27636009
29339577,29078569
29973833,29727317
28506438,28266133
27297849,27039953
32875365,32687134
27070679,26772242
31220029,30909790
26073055,25810139
27310509,27066976
31909826,31723196
41738562,41546856
32186844,31919358
34093115,33828907
32102376,31839201
29605021,29419072
29921086,29654865
65873986,65590184
59391576,56060598
32778437,32515364
30299644,30111065
31338909,31057983
26379276,26109213
28775736,28519338
29887016,29694769
32437353,32246801
31869905,31589045
29718022,29512570
32451804,32268766
38313426,38119117
29976903,29545288
31036909,30836987
32526410,32331766
29949139,29735080
28448569,28226081
37041767,36731149
30820612,30613913
28134051,27843434
24909483,24646716
29330211,29128252
28523407,28329320
32050482,31761255
32403589,32205128
27692008,27423068
30409198,30143263
29917217,29668172
34030856,33750805
32392477,32183487
35167301,34902981
30134904,29874235
31098136,30823353
27822513,27525253
29526129,29333010
32292776,32101945
32170502,31912196
29010595,28802519
26162883,25921796
31407079,31148686
33129380,32866345
31520736,31029221
32110315,31866844
24998528,24739672
26258379,25998663
29892923,29695372
30350927,30156104
29051231,28778973
28083798,27844222
37363222,37173169
29436378,29234123
30108142,29814369
30581563,30358174
24605430,24406278
28133897,27875109
25733035,25423584
29892298,29031411
28779542,28476576
28482951,28213777
34088127,33880508
28442405,28239572
28239596,28014160
27920305,27666828
29268584,29025614
37155557,36954444
36698925,36400979
30799249,30589764
27507498,27281137
30889121,30693422
31308962,31087951
31589969,31390336
30752676,30549206
36692021,36504290
35071663,34807787
34677284,34458577
29240295,28830625
31816936,31595595
29914570,29631077
31262385,31070667
26644986,26397459
31931759,31708161
29684291,29423062
30337390,30142998
29083460,28852200
34703397,34455730
29994098,29825667
29569567,29332713
31094547,30891881
40570498,40388820
30679728,30431010
29399668,29203507
30019865,29777011
34937826,34660313
29278063,29036301
27355036,27002100
30390135,30129110
29703376,29498834
32432957,32173690
33496095,33289509
27941176,27739198
30938394,30720784
28701165,28451929
40241392,31504436
32510911,31271472
30624580,30388320
27073697,26880790
30033991,29746623
28623540,28423718
33535253,33241932
33938547,33666499
28502861,28305557
32974569,32778737
29954508,29402602
25133789,24888336
33000817,32791339
33668325,33430788
30059382,29804933
28808166,28592081
41871103,41665808
30963503,30663773
35859966,35609351
31458356,31260303
29079095,28876928
32544858,32373351
32007271,31762935
28949670,28723623
29439603,29226683
32178785,31982748
32792884,32482936
32556846,32355451
28785558,28601409
27149378,26950288
29859884,29580583
26408455,26158818
27257694,26996401
30242456,29971244
29035663,28787854
33895445,33624979
31476046,31272390
27868418,27680220
25857001,25607609
32457419,32267505
28763847,28515317
28581741,28193877
31583494,31343259
33285768,33084108
29917685,29712458
29845321,29586429
30987242,30744767
28712160,28534578
29799943,29602649
30473491,30273855
29580918,29345127
29732646,29543169
28331492,28138548
27592650,27341160
32775652,32465549
29621195,29423297
27696873,27427852
84292126,84089817
31710152,31423202
31120388,30871222
26511794,26268239
29398827,29195408
27161998,26968727
32008946,31777628
29277938,29035081
31725633,31535745
32791061,32532980
31274134,31056117
33617981,33358867
27177022,26922462
34047308,33812851
31247120,31044169
31291609,31096945
30700685,30471058
27324985,27132507
33827427,33531310
30908805,30660861
29248632,29050840
34998581,34723851
32883275,32586346
30483088,30203414
33282315,33024330
32051939,31777521
31651922,31390677
31610757,31381601
31514167,31324870
33418509,33147999
27261876,27028880
31065139,30882008
30910477,30625051
31513699,31302108
26921902,26735217
30041251,29831254
30440643,30267173
40400471,40170693
28265942,27871665
30428499,30239801
27176815,26989126
26403704,26159391
36103256,35916387
26934754,26744071
27474336,27289851
26088652,25878563
33031550,32764765
31114823,30918380
25926776,25730382
31219730,30987426
33423254,33226347
32059793,31849973
33628038,33434307
30044750,29843296
29002582,28732563
29452961,29247634
32665785,32473988
30154235,29865810
31388784,31198033
46727357,41120523
33740672,33442113
34870713,34579173
26576835,26313983
30921483,30718771
28807671,28621223
26023892,25752407
30624627,30372663
30994431,30803912
31273128,31032279
32974560,32727945
34818257,34574879
34399052,34200870
32909999,32712340
28478337,28243742
33377154,33189167
26073727,25809408
28865682,28588760
27652177,27287012
28376994,28168825
29831049,29634584
31378774,31181063
29801849,29586122
31165715,30897799
26417007,26082899
31953110,31699456
31781054,31543966
27380146,27120010
25963543,25708404
27826518,27639127
26899744,26712180
31520430,31284097
32657489,32328846
42715269,42507097
31787061,31545360
32473832,32275764
28810156,28576811
28386133,27993140
34006979,33769379
32254142,32070751
30430202,30183546
32273183,32074065
32577380,32385219
27223869,26608765
32133415,31877489
30328327,30090884
33507841,33306970
29750409,29509725
32349106,32153154
31881946,31696666
31347389,31086809
32028606,31841670
29405234,29191541
35097014,34898748
30326922,30099464
29009519,28828709
32949122,32743782
31308959,31010591
66750878,66568072
54233479,34239533
39414108,39152887
32632493,32428385
33075373,32884468
50891981,50639739
26856781,26617235
31463174,30940027
32779522,32500289
28798396,28534185
30424147,30246276
32531283,32258936
34879958,34630683
36157513,35247756
30922458,30648823
32329182,32090556
26328251,26042558
29711553,29450729
30236510,30005668
31949269,31730249
76877992,76671499
55326456,54927138
26605857,26348792
28656402,28362147
28385891,28102530
29532289,29223805
32932901,32652118
29842121,29582534
30085137,29815910
30292492,30028498
26313396,26054575
28825261,28602062
28767948,28561264
33639937,33442776
36149703,35888519
26454985,26199546
28735679,28480236
27576296,27389729
31015327,30743561
35852089,35657378
32623423,32408216
32987302,32793726
30826555,30633507
27185939,26991574
30905570,30711323
29655460,29461618
30535610,30345898
33683789,33410630
29079707,28819204
31761460,31505661
33006586,32737468
38983187,38797549
32514237,32239559
30113923,29918031
30265086,30063066
31354387,31110688
32442397,31945566
30421545,30220114
29807547,29614150
30694733,30492347
32361978,32176289
34663153,34464757
31607808,31414675
35099962,34843965
29510823,29316260
30248316,30022363
31871348,31616186
34979272,34742263
30379488,30130467
27441757,27196736
27585058,27332940
30164655,29909261
29854679,29549188
28379681,28192847
36109867,35904234
40645587,40449631
34294229,34115496
28251577,28072653
32349370,32102499
34410818,34224620
36966860,36691160
31771799,31580395
36137647,35934741
28832830,28518506
29598828,29340690
28412750,28226639
28656379,28253157
33727038,33438561
32053543,31855576
31760360,31524272
29755338,29479569
32630625,32431114
28969774,28704065
33011403,32776184
29647557,29446122
40417530,40219373
25573564,25390663
28086081,27890364
27279812,27077914
31956478,31731095
26235102,25985172
27456565,27210223
32073732,31873817
30478604,30278376
29384899,29190123
27549624,27311202
35192958,34939234
37886209,37566917
33439396,33238347
28232387,28047844
32612345,32355302
28667802,28462550
33144020,32872031
27391848,27197765
33506849,33214056
29437235,29204945
29754228,29557032
32057549,31809634
31256406,31049046
34389180,34196612
31652126,31395816
25963617,25736200
33201252,33003596
34641348,34421077
27495502,27239603
32697667,32510482
28889780,28691583
32928088,32689404
30307279,30006592
33445547,33220689
30310531,30131819
29108381,28871639
32782333,32591365
27284467,27091219
29599381,29343166
28680299,28425475
28307276,28108113
27291462,27038773
33874909,33612675
29572962,29372523
29506196,29298339
37937182,37745991
26217948,25957488
32628750,32418638
32166681,31894323
30728558,30536605
31375580,31151884
40847565,35239168
38447639,37149886
32799977,32591822
32052533,31840697
30088220,29831370
36394961,36115915
28959544,28767438
33220913,33034479
27737189,27501794
38212632,38039564
29583702,29387581
30870201,30673006
31203703,30965051
32173458,31984804
30162367,29902111
33808933,33548943
28571464,28378519
29525426,29270875
30950851,30639394
32940034,32741774
24737194,24510738
28208620,27655568
33287221,33036105
27651914,27417811
35231261,35025409
33129007,32931241
23878317,23614818
30290421,30107996
29924537,29704489
29315355,29136174
29489591,29302229
30450587,30205396
35058556,34799320
29347773,29151615
31218975,30965977
35570855,35365540
31014281,30754440
29736394,29466941
28306109,28088912
36120411,35918616
32039029,31760686
29417009,29219653
33787466,33534015
28610999,28415517
30125984,29929509
29877090,29686171
26689805,26511570
29121541,28868036
31372002,31166409
34256456,34066862
32818225,32550986
29888752,29652226
43661380,43376439
33561432,33255726
30382683,30121406
25496459,25249308
28123299,27937364
41044600,40860221
28565748,28312607
30232277,30009277
28710794,28456430
25582053,25330609
39748759,39543669
32817820,32571814
35275231,34978986
26285889,26093428
26576337,26329081
28756803,28498214
38247397,38039129
29630946,29209772
27009281,26817930
31534043,31353741
35013391,34740074
30190457,29996877
31126115,30929818
26561764,26227923
34650870,34403860
30603575,30302194
29286696,29021091
30441517,30252892
30658419,30404155
35964317,35765991
27318812,27128539
34532443,34284449
27658717,27461472
40268426,40059584
31208424,30909260
32510380,32259303
32632377,32448752
26814275,26543252
32439731,32250060
30218833,30019505
29678338,29461695
32009078,31818029
35385559,35082726
34176080,33930688
26590314,26413674
29815621,29627833
26308906,26131835
29006746,28760311
28804985,28618410
32200584,31937129
28431196,28157981
24780312,24526503
25002048,24726428
31745043,31536264
29385576,29127743
28448064,28257437
27108217,26875441
29450278,29252529
30005859,29819854
30168704,29910810
39741570,39554417
31585032,31384837
29240934,29045176
33974873,33737568
29210612,29030336
27196344,26956304
32545112,32335171
28895168,28475767
30424634,30175858
30590981,30314453
31027198,30775980
31524221,31224798
30591111,30342192
30609441,30362485
29562973,29372625
27274270,27088908
33381788,33198868
31666311,31496063
28339894,28154366
29876318,29654508
27479372,27287971
26242558,25986219
31755841,31474526
33413303,33213093
32438115,32238530
31187754,30931484
26932907,26712043
30714648,30464386
29709165,29469531
32872977,32559887
31070077,30881111
29527448,29315321
32390458,32130728
30002110,29198744
26569644,26322599
31872071,31647538
35139748,34872901
33253394,33060880
30298155,30082185
26664401,26482482
32117319,31884148
32545174,32355642
40947519,40758095
34321832,34042969
29820061,29538249
28870382,28640771
30538340,30367203
31222431,30928603
35578277,35328185
26896137,26707667
36695221,36511728
28353488,28158595
29015363,28831024
27587800,27393707
26429227,26171562
27453984,27260259
28017308,27777324
33553513,33302471
29610976,29428130
30216963,30003272
35776048,35510698
29657898,29451680
51208786,50932751
29702412,29432714
29364025,29114036
30274782,30065150
65679540,65423936
56084746,55678193
31766026,31587639
33766205,33580814
28451717,28211689
52674072,52482937
32340538,32066927
29288224,28867753
29462325,29268470
31217366,30718971
32467731,32281004
33924736,31422805
32370474,32182013
29067703,28777584
29379651,29184851
31845100,31636746
30665981,30475820
28722919,28541446
38593754,38396600
27228150,26978485
28889888,28602695
35266577,35017998
31753887,31488914
27620906,27365498
32922971,32728319
29000241,28721757
63380865,60072374
34172535,32975699
27907171,27644533
29481320,29298715
26126760,25932758
36248245,36012789
31246781,31026880
37836030,37539164
40511722,40319867
27986903,27798561
34315831,34115917
32655973,32468848
28839315,28550655
30998682,30709049
26598251,26333369
27743861,27478535
33238133,32991628
28619547,28385017
31647763,31370419
32761753,32552635
29115885,28927035
41442267,41082577
29474296,29270828
35942002,35730001
28057915,27843563
29095147,28807472
29755689,29560289
27779046,27611931
34077717,33883182
32382652,32188151
28029381,27736764
31259938,31056853
27387325,27132158
28645675,28349794
37775692,37550852
29484753,29231579
30077071,29892026
27194643,26935101
32796619,32597358
34525470,34280406
28040604,27855585
31906775,31728699
30598405,30410637
29498912,29313716
32278250,32098353
29042956,28857677
32276614,32023314
31016012,30819254
31607365,31418904
34650391,34446465
26522988,26333909
29505374,29332233
26464182,26263701
32111223,31916323
27175718,26907166
31113424,30850100
28563085,27649115
30306253,30096225
36846726,36641969
29586039,29394475
31037393,30787356
32029889,31828328
29489809,29276202
28738954,28457446
30236707,30023014
29039232,28861901
35429575,35217874
37669882,37476585
29977575,29791210
30666739,30466189
28669192,28487330
32723926,32504641
35266807,34992145
33164098,32947497
32296284,32107544
29577463,29232025
37840330,37652996
34452929,34210572
31774327,31587963
30703231,30448054
32513492,32018820
27807649,27616707
36506875,36317324
28968292,28782484
30670815,30469966
28331555,28100133
30765066,30531194
31367332,31179004
27538990,27223628
30184573,29995487
37339600,37140942
28429983,28256404
29675820,29492944
34109939,33852981
27488410,27149953
30341577,30099707
35126495,34886464
32870274,32687039
29804911,29615385
33050541,32808430
27047280,26810392
35444523,35147921
30127179,29607820
30279746,30085646
31865374,31673673
29775644,29593071
32502866,32295177
30117413,29900478
31167162,30876690
36585796,36327763
28588944,28313593
26607222,26385430
32056516,31791392
27821768,27590371
32386462,32199466
32626635,32387191
30955676,30758541
27345497,27065995
32893892,32635544
28572008,28162282
27541390,27344987
29021330,28837196
26079708,25825033
26742356,26551836
31017928,30726373
33060268,32817559
31414345,31200543
29060476,28839971
36203027,36007976
32159114,31863856
34147346,33906514
25565854,25326321
34329789,34071250
29803838,29575121
29771917,29577873
29581818,29385853
28002396,27820967
34655281,34455655
32992774,32783485
30056556,29866672
28373241,28128405
32499688,32249282
32805516,32624124
31385789,31209869
32314067,32049101
32873797,32705117
28216369,28016615
28793303,28598224
28967867,28669926
25898264,25710265
29686878,29507059
26030512,25553524
31442666,31163733
30198713,30008370
29679603,29393834
27293130,27092733
27725943,27456927
28946740,28753131
32291562,32108280
29978154,29731746
33740552,33518982
28188842,28003439
30724409,30534753
27388313,27115956
33153113,32919449
32292982,32101733
26667881,26463482
30453445,30203856
30947570,30758045
31454542,31268325
32759801,32555149
27593226,27405810
31114304,30519702
30025169,29456934
27458138,27161929
28440490,28246124
29993557,29757266
30576223,30390394
41330363,41137244
29128374,28910930
30540946,30340260
30587973,30401835
28936079,28727958
33813728,33558778
30603731,30417512
34399006,34155257
41606918,41415008
32549961,32359329
29895864,29702890
26653110,26440566
31213331,30952238
32162444,31970019
28871643,28613089
30934531,30717920
27798303,27599445
33591324,33334118
32316254,31270565
28590443,28409434
33427211,33238722
28810490,28626218
31604447,31376065
32989676,32792701
34001036,33739050
34428897,34151812
32738701,32526034
28995284,28805633
30442557,30226869
36018292,35781400
30834918,30561579
33176800,32906776
31451518,31255206
32945384,32702901
33719689,33477670
27251896,27003909
31350484,31115601
32681076,32473741
34127645,33938037
29905277,29719635
27477068,27227114
31669651,31481334
30989672,30795407
32008624,31768333
32145638,31961008
28937005,28742928
32776008,32547348
29644934,29461945
32213733,31968900
30271420,30060354
28472288,28208932
33567610,33293585
33997699,33809445
32566720,32351088
33148987,32893391
32978963,32740322
29957781,29772709
29127552,28765619
28952605,28767541
31273557,31051157
30352882,30123273
29144719,28883255
30256650,29997486
29852967,29662785
31046016,30853989
30485391,30226279
31922689,31675742
29929364,29746544
27435967,27106718
27108571,26830523
30787639,30527500
37617988,37429689
29666632,29470958
33385782,33191162
33856534,33578443
28565662,28373605
29989351,29748112
40913670,40723599
30931825,30740642
31213529,30902889
27304699,27121408
26939445,26728869
29787497,29585072
29230475,29038917
34069607,33883272
31712511,31512914
32435513,32208527
33553569,33290556
36475213,36281434
33651559,33385917
32192575,31923014
28616417,28200132
28233541,28048637
33508261,33254064
29690953,29483608
30864183,30657963
34369279,34193336
29991357,29705905
28552550,28367847
42684378,42380383
81529570,80894235
34689496,34452756
47364997,44673546
32005461,30561385
29337526,29052088
99858056,94861522
31456891,31190937
28485990,28288936
28010664,27741315
40363802,40062278
28875827,28684013
31227487,31031807
29819906,29627307
30878430,30593207
33236379,33004406
29802080,29602431
37955586,37772023
32411327,32222305
29145161,28952506
26364708,26097078
29954323,29704430
31212631,31031615
29729696,29207385
30858755,30570938
30410513,30207473
31793457,31544581
34006441,33756368
27559237,27332392
28408304,28181679
29873582,29453657
31421485,31192597
26832815,26540270
28035901,27854622
31546794,31332797
29693596,29463454
30048821,29865539
29749982,29519908
31015715,30767657
31416039,31146374
30562237,30336996
35641646,35049335
30621935,30315268
27528322,27346516
30343919,30102387
29957189,29765116
37094083,36815673
31799022,31614991
30385827,30161953
28500824,28316297
34422331,34147306
27571624,27294809
30064384,29804373
35793171,35610209
30924561,30726311
31641786,31441801
28022333,27696343
31562106,31376790
32062209,31813402
30626346,30421730
28993872,28782005
31972261,31740444
28168672,27992881
34339133,34131509
29688454,29448107
35017588,34721836
29049926,28754344
32779184,32596124
27610759,27414792
28842159,28585086
32190822,31936438
34807504,34623067
36863710,36601560
27487258,27237801
29109189,28836986
30454962,30180875
30420457,30162231
29512739,29307700
30295218,30029669
31682050,31481466
28552104,28364790
32279911,32090456
30185573,29968379
32680416,32436314
26840469,26582485
32377743,32118477
33749308,33508640
28680660,28493534
31218436,31027767
29816329,29618336
30250000,30062516
28312617,28075253
31584335,31355981
28661009,28488444
28834353,28649946
30521384,30343412
35572153,35109529
27994232,27734863
31232562,31010040
33025823,32750637
27436672,27185751
32514525,32321064
32243578,32024872
28563208,28356622
33332639,33142551
30760724,30517899
32378293,32198842
36521025,36340992
28547195,28312188
30724373,30531185
29818914,29575002
33662045,33388053
30895067,30684825
32544489,32307216
30720460,30534461
36334607,36085087
30654873,30396515
28569558,28383187
30570988,30327742
30352063,30168125
31413808,31192866
40301260,40105343
34512138,34293836
26622904,26379719
36534694,36340655
30091550,29893549
31514425,31312921
32119690,31850922
28661535,28383814
33154627,32965073
28995016,28615319
29057544,28817733
34679069,34377739
28385399,28192510
32352932,32153651
28531732,28277721
35055020,34862663
34248894,34011535
29861764,29674430
27014157,26761498
32052576,31817907
27891312,27678503
30049042,29849575
24967385,24735859
32892052,32619679
29349541,29173102
27590445,27316377
30369647,30151059
28858365,28649590
30108529,29908400
31106242,30790549
33015724,32836441
29433138,29178352
36515532,36212533
29810678,29622482
26872612,26692935
30210812,29976968
32314750,32128084
36358902,36173187
27625633,27382091
31220098,31035438
31347629,31069374
32673525,32496081
29501922,29262932
30309570,30121243
26153084,25900270
28479893,28294354
31427382,31211118
29331780,29048325
28620657,28361040
34658745,34443384
28282938,28053327
26939333,26756334
27959557,27736951
29806727,29560332
26472626,26265001
30527444,30274792
27709683,27467895
30454145,30211561
27985060,27769993
30481602,30246864
29442460,28152325
32409057,32223925
33043184,32795844
27292050,27101123
32551729,32364167
33931449,33733284
29544621,29341308
31019284,30754603
35066688,34824170
30923435,30684409
34673078,34441833
35975480,35766188
34235335,34042685
29973541,29777246
30905017,30716981
30993621,30807961
30554910,30291055
26592564,26331782
28281337,28093282
33900973,33709903
28666593,28396116
30247770,29941503
30504074,30306602
33156435,32965846
28520011,28244627
29953580,29694963
24930168,24681257
31450282,30904300
29706678,29457000
29760226,29565503
28049120,27862011
32551160,32314176
35326625,35074115
27834242,27637951
33327821,33077776
31848775,31621980
27764773,27537577
30322415,30142517
34137647,33868257
30351898,30160399
30123145,29913847
28727242,28517219
27976418,27703244
36958882,36734229
30467310,30284669
31182098,30869115
40280120,40071503
33017576,32829872
29701294,29522221
33264471,33028608
29699976,29416090
33627713,33380810
29143764,28945034
32727966,29328720
30897368,30711373
31214117,31028993
29554143,29365802
32022353,31764275
33809332,33553910
31395759,31201975
33988712,33801616
31514937,31287888
28017099,27832777
31254754,31011247
28192545,27913182
29754348,29567827
26227547,25979397
33517109,33320810
29091357,28899626
28921525,28733654
25973329,25770347
28530094,28080076
29868328,29683837
29076801,28909538
26988074,26762982
36045098,35811668
28677663,28433132
32872294,32676576
35542538,35350488
40340287,40150620
30988676,30802338
31420082,31184058
27378967,27145335
31532333,31335260
29344737,29154446
31152155,30945590
33419285,33158667
34746102,34552737
25829168,25640364
30987212,30761779
30354203,30103041
29044821,28849801
33351541,33155807
29436631,29258787
26863176,26590326
35223115,34997902
28628104,28219769
27447703,27124577
29330842,29075944
38139920,37932289
30904004,30649340
28382672,28189576
31989781,31794231
28280237,28017045
30963740,30707108
31872434,31623544
31614707,31320402
35551027,35313714
28460958,28212299
30310100,30041663
35164010,34982006
27188215,26990004
28033132,27776739
30833940,30630883
31756940,31562160
29523851,29280340
32865649,32681785
31804309,31604283
28813421,28621161
58286564,57774275
28728680,28502357
27730608,27472198
33514748,33254610
26318665,26045645
57565679,57363438
68960937,68771776
31335110,31067306
32522069,32336562
32279031,31972816
33786402,33596125
45001451,44734386
30726961,30428169
28335591,28148972
28575653,28385650
32934211,32750227
28192462,27999006
26696825,26439334
33477724,33293022
33320495,33087851
26895480,26572117
32109174,31492163
27240689,27053382
30866336,30600377
33206007,33015547
32732091,32522167
28358259,28168480
30014966,29825183
35241576,35002408
30226398,30047001
29665012,29471208
28632078,28369104
30104256,29907461
32591892,32392467
30034289,29850063
28541280,28212346
29517775,29335535
37087158,36798463
28598310,28364867
32839731,32581056
27895039,27633339
37425798,37126883
29567035,29272028
32749546,32493590
28414580,28234902
28164096,27969861
28025231,27759884
35047304,34802861
32764134,32567367
32438786,32251346
29874342,29648744
30041486,29792867
36830122,36626703
31158679,30914719
30432752,30249457
27008803,26809936
36403717,36208384
27781754,27517266
30334835,30086225
30413993,30232462
31824237,31618297
35304106,35104338
31016959,30746533
27319632,27127126
41966408,41777074
35169039,34964213
29999151,29816097
29904432,29705866
29734179,29524433
30405310,30225023
33001350,32818804
30615202,30428769
32050602,31856697
31834860,31600106
36224321,35535723
32398707,32209314
36088625,35847127
38036360,37854752
27415314,27149744
30267715,30072283
29831797,29650025
29216157,29025467
30977213,30732698
30923519,30719135
26971427,26742312
30524628,30283290
38268901,38080790
31304668,31113403
29697487,29510843
29030434,28836409
31812950,31570222
33626970,33386148
34469156,34232090
29984802,29807059
33190466,33006089
28653430,28398355
31742538,31545545
32620651,32427920
36847051,36659198
30460284,30216133
29970270,29784494
32977696,32782388
30954776,30766634
32998591,32757107
31023126,30836716
34727252,34489616
29945695,29754724
29508802,29271151
29794995,29616386
29829198,29597269
32184615,32005078
30518655,30332926
30184285,29995170
30505784,30300168
27719076,27479156
38310510,38122700
33274477,33065509
30524609,30283610
31277201,31032721
31209807,31012174
27020637,26772905
32141705,31941955
32071827,31800815
40410432,40086884
33659913,33398832
31623901,31370698
30198411,30015911
29047379,28465905
41128183,40930136
29291777,29037013
29670373,29494823
28767652,28509447
28164753,27984007
32268584,32034880
34077593,33896582
31265157,31027244
27434859,27190026
31404475,31155992
32324818,32148646
31209213,30915485
29032764,28855044
31745451,31445088
31206321,31013740
32851325,32601992
29719415,29529551
28045521,27857099
30126002,29938578
26576780,26325978
29711845,29502964
32058625,31794255
