488542220,486259895
565387417,499794113
408018652,398514279
320212630,316589374
559936639,491585699
579469392,516996832
600414267,511862536
565526172,500949048
159458040,157191821
76918422,76060799
333976414,321742711
357097341,356116162
359195031,358205288
364827103,363564358
392228275,390814355
406616979,402718229
393212354,391923924
413270956,408249236
402225490,389692850
367955206,355205705
274973593,273601326
274781060,273855768
296392240,295398630
292081232,288783884
266562479,265754715
275243484,274444132
272197222,271434572
279399216,278902333
314603060,313398031
281153276,280339509
249976760,248892207
268729757,267888634
230892944,230124980
304682031,303298823
243505131,242654582
283657235,283121688
297031963,295188290
305725263,304521251
278207551,277395170
309682103,307166677
170951609,169926194
179511097,178590282
223392633,222537900
244903892,243149166
271591490,271051948
254932928,254372390
287905922,287291031
285700614,284918523
240647806,240060619
241374380,238332511
71137283,69706196
86109358,78369286
229860033,218388937
283774815,279351256
294719159,293664773
288560878,287810656
317361678,316531923
283687857,271343624
328297055,324833934
315018805,314154270
159079092,158491781
145894931,144511386
37893206,36179743
219246390,218366251
222127269,221006832
236451169,235740729
261344419,256530407
255558337,252503500
254259770,252411548
265311558,264520668
277915144,276489052
285002953,284243729
97077948,94429302
189529685,183824849
216344270,215263618
223893911,222828371
266062828,265123620
246496794,245891117
226890707,226316067
269262855,268300284
277057293,276202974
218104875,217584504
253817527,252935733
76225797,75702160
92324294,90747253
72239642,71633593
226594733,225816701
227936216,226806082
222654073,222123014
235517416,235087576
292002021,291142425
251442772,249459998
297127455,296660196
145145553,142629825
151663567,150463913
139388971,139047235
220600500,219824711
248487299,247588919
275955599,275171389
266206114,265695103
239265747,238734229
317384587,317023601
228228066,225161966
296118624,295248145
239656426,239245036
244372654,244017196
43694249,42526766
44433768,43948029
137641892,136700210
190123930,189727926
206515867,206151591
219479230,218801276
198619076,197951792
201858192,201406349
231083545,230612584
226297635,225917903
102728451,102148183
82802475,81985483
35349426,33595491
76596756,75570660
255136519,254596386
264837826,262872121
279253248,278268661
228612327,228257145
289207818,280689503
302880028,301474517
307112700,306079555
158914262,158283743
296126809,295688525
92382297,91750397
355501282,354712627
390997453,390140587
349440377,348495169
406044736,405497465
349433724,348654208
345709165,344855680
301626823,300727036
302730228,301846782
350818228,350070618
295516808,294793835
196225612,195354482
237543743,237154762
258643437,258291357
244700358,242602583
275468737,275167563
256683585,256031007
266641632,265941255
262457355,261590417
293557551,292911129
299864503,299420700
30352311,29457331
31114501,30169353
212845929,211957075
235885345,235035116
253790276,252968698
257992998,256637944
281323309,280561348
294048743,289561217
300238587,299428642
308808861,307596093
141922603,141236408
120004046,119368999
317319182,316406379
348547351,347864304
358127208,357463732
330686891,329861657
370910171,366572876
329842984,324680222
341478118,339589199
380083421,379382029
409681097,409321460
399544328,399180634
289866634,288940514
311553171,307527168
295620302,294731392
333127357,332033629
302640704,301940182
322437590,321720371
313826998,313144033
311179084,309908521
322391644,321541130
346442058,345768936
387463025,386642312
392421816,391741772
401710289,400853105
412307363,411620168
434202601,433272325
450590626,449401123
428491421,427782296
449285335,448599596
443779682,439933333
451187603,448511249
235603971,234789766
256189640,255462836
295892425,294918946
287075179,286428690
283403531,282506983
276150385,275521249
324053950,296768083
314178719,313389444
311145266,309415266
311359517,310381784
307172983,296637627
306522402,305943711
319856395,319116237
306016493,305405164
308565062,307936708
316550714,315953907
317837981,317240689
318394359,317818957
336353909,335685474
332345464,331677499
272845851,271947216
273392052,272762634
278190036,277576771
307376514,306584605
302039378,301343934
281150011,277098948
309406776,308803405
313547100,312940490
304703719,294578439
306661122,306028970
282469355,280775663
277162332,276332701
281635447,280953306
282746935,282124369
300196637,299516277
295250668,294668955
306134870,305414039
305562708,304937617
303237277,301212718
309797677,309116770
276257699,275380427
277973770,277067028
282283644,281535728
301750041,298356016
300483808,299853077
301214264,300304976
306576907,305971598
305675857,305006776
315134607,314436179
308452228,307851310
258248032,257392619
267108949,265861189
266176745,265587507
271086577,266452571
298714870,297649663
329519938,328892938
336218417,335049529
346916216,345970360
353146198,343359411
353187165,351257773
398417281,397405008
406529154,405817148
358907910,358066303
400806559,400097532
421476994,417081182
424186401,423494386
382958021,382357663
383830020,378704716
383947107,383366471
391002861,390426553
257015042,256272683
288994192,286875158
281825873,280904733
286028635,285360842
295532633,294984491
301765340,301076162
301997162,301133739
323887137,305083088
317265571,313376882
321717313,320700694
286072723,285277688
318350972,314570636
320639463,320009425
333834651,333245861
326876519,326332716
344145367,342571611
356256842,355572308
348694333,347561433
352572664,352011360
369761461,368756546
246747524,245996349
256157067,255780047
276006880,275241818
284196217,283468690
292326925,291152380
306096173,305451509
296858132,296617488
304120315,303862367
314343779,313670796
303293903,303038317
148851040,148024247
272560559,272175722
259506418,258898220
232247438,231754175
232327554,231714860
279425623,269766940
284258112,283879756
245962868,245621814
249565778,248885540
250452570,249828619
29172573,28750406
259673545,258831060
282928770,282204700
300774245,300216694
288798105,288227255
294251715,293458755
312216875,311367253
314720306,314089466
338775266,338017645
336531462,335013057
218709643,218292122
30167709,29391791
240200284,239559059
254742308,253612073
276147506,274992928
262329827,262096481
263894802,262788498
282101931,281359336
278342389,277781998
299634118,299017880
306171794,305268663
79466251,78618953
116774157,113571500
299567261,299276792
283375113,281839807
345795724,345114419
317147097,316544382
361368453,360604170
366332088,365484387
360300943,359947123
378674761,378438347
358673064,358013207
61064521,60609663
222676857,219586459
272656718,272092892
248142025,247812921
239083481,238578779
312469273,312169022
279589822,279276420
272192981,271710379
306302939,305611000
307849451,307623087
308386011,308136980
30511943,29487771
187994233,187376465
229233353,228336367
217687162,217109233
236080178,229685183
223129672,222461688
247076395,240706345
254384252,253804456
262754647,262150629
264812006,263366328
119597433,118269699
73091651,72367087
213764449,212866832
247206613,244318687
290045137,281211632
305864978,302979508
236502476,236079724
283626035,276390141
290885293,290104549
321291219,320574215
319518490,318892971
116764977,116214030
28830196,26157937
42789766,41991400
221478112,220597121
208964369,208692335
229236010,228929721
273557663,273004833
281440336,280895118
301680837,301369006
310788136,310395743
311759126,311290009
214001691,213664044
130735334,130036029
99943914,98688489
89864802,89066695
88138531,87679736
164920481,162675187
160229302,159889981
192597010,185716777
170512031,169945591
159680793,159450145
165539545,164958735
162006713,161710605
102372120,99964302
103619615,101386994
113650593,113052852
164752931,163512144
167929080,166685353
198860398,198552815
234189283,233835267
206943879,206628095
208944881,208735770
235220250,234865213
134560154,134328908
149131368,148393209
145957286,145738662
188296817,186584924
241325479,234783635
220464736,219874569
243144644,242471195
210569419,210106832
274304542,273603549
217654645,217082842
222401053,221945931
220888715,220313394
287674399,287045922
37078909,36205259
34324671,33613393
175806417,174926682
185627402,185083189
212301561,211882303
242752034,242452404
201944453,200494942
206478914,206210506
234499815,234120148
232794062,230652144
146295451,145955552
107635356,106990568
32734002,31985054
103191287,102945921
135023366,134318272
203279942,203060719
195138507,194916220
173926388,173720904
231569761,231258505
176287351,175969971
212141890,211854351
200126010,199891120
68392951,67957439
41082445,40732247
40242417,39882156
219662986,219439076
266896464,266209040
263966768,263402221
232245878,231917057
227988496,227541474
276943826,275768976
220297224,220003182
266888933,266585890
155644534,155197115
144353042,144043077
30842718,30041583
260068023,259797855
262654387,262291065
289337333,288631887
265788203,265221053
273083685,271341966
276151117,275868248
270530659,270320444
303729954,302855845
279961151,279390741
98452084,98128720
70326263,69109333
196040130,195650103
262908399,262275905
278147199,277722618
271139335,270083661
283591619,283373235
281996426,274089620
297321658,296656241
255561626,255161988
304236029,303982482
33453584,33027606
28841879,28103601
255268618,254747161
267231679,266552996
276932049,276380767
273144131,272591875
284844831,284121619
286914818,286242028
250529669,250211764
287091768,286563927
301200615,296052619
80363538,79970715
227242521,225034899
278075835,277471854
289910006,289197838
298880943,294604483
317445112,316739739
302724135,302205442
315195056,314689716
325907612,325324634
316858714,316302171
286855064,286522478
36268753,35572305
88064975,87423518
242046863,241526821
223570828,223019507
238903764,232110928
243451339,242846493
250941546,250416069
247443664,246688944
249783870,249037273
263936747,263273240
83865802,83541187
43986692,43199840
261918494,261132474
272494925,265255962
254163572,248989302
274882022,274242149
307295986,301190524
296973060,296258408
294277504,293488891
309438844,308888867
218151829,217822235
288749637,288091663
206294730,205701427
212280762,211598750
246505268,246186334
256657804,256464150
237743174,237547653
228289223,228055105
231880094,231572053
232596790,232359152
261071720,260763088
286103840,285868153
63502156,62831907
69501372,65644421
182612300,182060521
199151471,198836070
237345572,237102095
251801594,251487556
235232255,235033994
236852452,236592686
233459594,233243337
256419419,255788511
64307175,63441170
63902037,63223052
34236429,32657889
109647380,108874439
211630878,211336829
193166012,192781146
226505901,225677318
230191693,229611271
235922014,235394432
235388393,234801649
175628305,175043545
184775088,184425206
90944668,90254084
36763324,36298810
121176359,120399479
208639037,208055741
251191779,250891882
291197708,290998181
264067843,263722753
297772907,297492613
269619758,269262284
258465757,258242329
313761680,312192869
189578124,189269406
35135790,34482137
36975341,36303578
34041410,33365072
320823625,319890384
316735624,316224783
319411075,318058644
322825304,322235368
341544857,340898542
347942019,347364384
350670120,350059598
306916108,306599487
243242678,242784168
151528498,149856981
271877757,271215928
250391981,250089477
260347372,259725541
243773799,243539217
294488309,293634877
302678181,302025724
301677536,301121020
289534863,288977390
239260202,238923904
240631103,240432020
254193281,253567668
266521993,265629297
282244104,281511880
287628707,286687137
270954287,269781495
268895135,267142654
305624628,305129733
276706007,276140839
301136096,297913195
297815281,297267784
200742815,199925795
287364400,286988775
290849081,290436379
266167151,265836024
249071511,248824611
283731500,283413155
280778459,280531273
261363791,261036438
322232487,321989688
300768225,300206768
30684947,29966955
262654471,262143499
289503264,288876728
303272643,302521321
280858740,280317721
288124066,287806285
297530023,296949040
318976927,318387339
296700815,295948559
296635189,296104547
169179549,168800430
298428585,297478518
302004041,301384724
267488362,266928184
275004378,274501522
317336735,316723724
281264075,280559592
329347029,328781878
287228368,286674490
295841363,295164072
333282533,332732071
273223287,272675502
267485354,265984699
272783398,272251789
278125478,277488191
295605325,294972976
302629757,301633006
294081698,293528078
301896871,301353073
295539722,295002032
307453485,306866236
264457722,261192435
296964622,296294955
311792042,311278352
312207958,311693449
327516230,326531994
320658521,317622467
314015513,313786415
324973735,324780910
336831807,336322348
328847688,328336159
255865426,255247395
272856683,272157084
261532903,260913031
275266980,274163875
276873824,276186500
280647601,280050366
301432776,295131725
289891039,289399878
295781361,295249295
303023532,302370466
478440176,477730481
475588147,475041175
484974963,484254136
479314862,478704014
488609499,483577213
490178146,489633044
499558578,499037558
509982259,509398823
511398376,509452042
497688424,497035842
247850839,247074373
264944742,264312465
287319355,286675345
298768247,294750445
287525108,287004772
296586215,296064577
293148716,292541297
299042119,298486718
300153283,299590160
307885498,303789009
252448264,250835384
278414600,277835732
292301058,288350748
298228444,297530895
282219376,281716597
296520195,295981843
298534492,298049755
299237964,298699681
303939233,301953208
304434267,303934149
96779686,96088371
227010127,226662342
236136913,235547005
264054184,263855998
281956802,281779217
292591170,290528659
271632533,268928687
298086422,297415980
307547429,306847547
281492999,280979842
29641562,29357490
340751983,339872370
356748670,355707568
335150682,330129527
344413580,331102648
404465952,403971603
392601799,392341452
352688259,352015251
355628043,354907482
358212783,357688634
343792356,343567659
269345557,268571256
257545804,253613745
277232447,275792997
281025776,280472060
281821175,281232503
286204499,285630596
287601546,287047483
291025925,290411192
301218586,300505840
295094362,294519409
246995994,245765633
267248360,266597262
273912074,273343410
282696197,282085818
282951999,282434257
285155487,284625476
287139772,286571314
294899428,294362951
293686722,293129094
298240029,297753874
253908444,253127441
308723997,307996299
332920349,327113534
333950488,333397322
318554200,317971159
339791371,339304164
340652604,340103579
352440520,351371509
354609902,354044154
350675901,350080041
265449993,264710477
258704896,258079850
286761430,281329282
294687961,294176681
275606202,275109242
288754746,281195237
285124721,284587907
306617745,306028906
287074086,286493673
286486122,285905285
264297824,263754377
276855141,276264180
272007766,271391885
268505708,267886478
279876130,279162257
283238392,282705277
289593405,289050963
286836581,286298785
295653442,295170827
313729102,303870993
212526501,211969353
232982663,232327586
227130807,226628908
234312841,233798120
261517662,260995452
268363923,267661714
149357103,148659502
162607569,162044676
169344930,168821331
175723391,174787066
231492954,230686166
243843220,243288003
264322260,255718752
249836695,249384607
267251325,266587408
259632977,259097004
159167226,157290290
160788393,160301371
172812449,172198341
171123242,170617564
144967209,144468400
172933666,172176924
184688204,184126198
194187715,193605463
199538125,198895951
211061364,210554884
127297099,126754245
130055348,129498739
141132673,140526805
147013128,146257993
94792399,94149496
125762822,125533113
210579978,209783117
236640818,236091568
219825452,219282854
316670406,316452159
214713877,214245214
223895652,223064783
249347731,249094532
271588105,271326246
118964185,115601654
99544633,98886248
88696855,88039922
78935762,78314299
90713445,90033979
141616632,141384362
171018034,170413405
172536321,172017174
158055620,157863748
184442081,183840824
110083308,109732112
86780415,86558094
82946726,82431028
79993992,79756650
80332071,80081275
217775692,217091197
242314613,241797228
268918146,268240207
275739289,274841477
280556316,277161688
234368955,234116805
230156480,229784333
190607252,190085499
192768363,192174435
193352716,192748063
32280830,31570499
230875666,230288167
223439119,223217482
232347314,231944764
255399792,255198974
255947676,255727869
192535763,189644138
198714325,198562632
233527718,232983065
221961202,221764573
83802711,83539560
229750870,228806542
266605699,266101220
243161712,242503901
247669931,247337652
300740996,300203219
261265547,260792482
290285914,290137952
234301355,234126476
295833731,295577067
237758582,237417801
54298380,53003847
235729861,235548562
269056330,268475168
252409049,252002589
279389212,279216247
299464027,299268581
298974095,298808382
295468866,295246054
316245248,315701689
323275560,322489770
87153639,86885756
231731101,231097254
231570807,230944778
272281676,272000674
261445297,261109848
268447842,267950926
279204723,278960088
254969443,254350781
291034937,290729664
292238886,291743377
298014119,297857290
79639938,78962788
73055101,72422628
185704951,185464552
209439046,209142579
206423721,205723868
195335491,195112179
244476007,244303064
254710545,253024418
229238923,229057737
238977955,238812618
62299914,61710108
59212817,58694108
38319556,37205226
228954598,228487193
241917789,241222008
247339463,246756076
236101648,235374577
278250831,277596203
282271593,281753055
222101518,221685041
301479193,300835770
230966325,230721316
99607368,99239864
144850309,144116951
197873152,196159766
234424384,233806018
315883029,311161345
299960005,299375240
303554419,303248219
341012264,340072564
352733713,352133927
328136765,327966984
342489501,342039135
63543093,62961221
46533806,46297638
36518743,36221680
30807012,30143613
200713032,200153934
219307720,219120520
237638465,237376325
276242837,275981704
258107435,257893220
223781881,223530879
224706777,224478425
292003272,291837352
192048786,191792933
93446319,93199979
45200438,44578008
44779001,44512959
72966524,72353229
176627924,176333251
212069463,211407403
190331434,190161475
222888409,222278144
231736716,231143208
228136571,227617292
221178468,220649457
111038196,110802181
90053503,89791905
38738736,38485445
256998560,256717321
237622420,236923243
293183180,292634219
283639565,283487292
298109531,297509168
319650319,318953804
313045791,312579625
228230734,228082218
236025620,235694145
219129964,218857301
200222835,199674024
207213652,206572381
255355002,255165423
275956526,275307295
248390371,247830826
244918270,244742340
239978982,239757159
255002147,254780523
292223576,289552864
290804606,290512213
54855393,54176900
69857075,69067135
210915948,210615634
211298692,211126450
218552460,218309487
214832861,214675531
226062421,225715491
223374866,222953397
255186894,254969994
261390489,261241238
67894335,67198723
73056302,72472888
28284624,27542846
222581817,221942388
229671874,229164841
222757239,222439017
253789221,253261280
256100902,255621657
280865296,280261475
259551734,259389970
209592327,209091089
222271933,222023031
80560891,80328550
193464387,192759807
252726238,252547549
282898043,282300260
239041256,238800842
275946413,275391340
254832944,254660787
220844012,220592868
282110860,281898626
265777786,265600251
217299581,216952598
33618846,33018957
129735019,129106360
197187602,196939997
246936616,246684932
264261110,263727667
250080623,249862512
269765442,269285176
270897285,270691780
266839188,266640150
274883019,274710532
109242924,109005581
31445463,31196447
123442779,122803062
249108888,248599156
254337392,253826291
268177325,267658725
271492859,271005027
275178718,274864485
267590091,267315689
317318331,317069799
311708362,311517371
202733721,202122016
63120346,62549432
382968740,382382793
418717727,418066433
363165343,362524916
398314410,397677101
360643759,359968074
345982134,343757797
415141984,409806685
382725578,382236609
296022183,295416435
443395039,442698394
286193708,285469571
271219931,270668423
269340197,268769553
298982849,298428548
285983869,285421933
294789816,294314646
288608090,288074069
301331531,300690787
306133121,303414544
303019606,302549462
269847537,267789413
269459168,268977936
282671260,282060993
287550929,287026489
293718313,293162094
306094648,305480398
286344844,285844281
302389969,301918106
306869812,306157562
302766645,300317840
211806615,211138582
262066722,261581384
265372928,264829114
286618695,284822715
286402079,281182815
291298744,290770454
285690605,285167349
287179659,284334762
299439558,298960492
305655942,305121703
31240759,30259051
244705316,244153006
274478238,273935227
273659037,273053446
273008369,272443976
284814416,283187183
284689264,284199969
281726828,281230811
295079962,294524734
295999067,295453621
119133374,118867934
29060413,28444147
259220792,258665421
252409255,251829227
261316941,260707128
271842136,270367445
282491340,280119888
290240026,289440474
289571250,289015645
270537490,269988677
303979463,303480557
72794991,72545194
248412020,248114932
271386262,270744776
231687810,231461731
266559792,265997289
269998207,269456242
254346038,254088137
265008585,264813303
278459844,277142987
299260536,298612530
29103490,28408557
115684624,114975890
253500702,252842027
260447980,259942356
269070592,268692356
268951445,268398512
273346532,272864423
286182998,278614631
292889415,292421995
237131035,236839398
300293273,298154823
38068576,37446001
248722663,248052256
283085583,282526606
295296338,294720621
270009701,269537228
275383778,274751434
274419540,273977059
264181559,263599050
308505304,308024459
316119293,315573505
192431671,192189934
167379538,166695318
165899745,165386555
227210492,226518815
242872361,242337614
249347814,248855909
256384866,255461552
255959696,253966683
259561095,258946917
265409785,264850936
260414035,259929364
65312086,64623975
63128998,55239562
204007823,202422078
239534615,238993651
256456824,255993029
286529294,282592297
289327107,287042203
319889772,319291980
316993749,312590420
327385695,327109037
164905820,164631473
167100296,166943451
34171239,33496966
124610748,123923881
157668759,157423325
209651875,209395095
196348824,196190876
202842146,202603908
239486915,238996196
222729530,222520540
185977344,185818462
191834393,191569100
100001872,99752548
28011283,27355592
35458557,34837984
208341847,207733351
245193764,244915931
250105865,249528609
222213195,222051227
274008492,273447349
288306597,288029329
235350260,234282983
250845379,250087913
190232058,189948342
155124186,154866796
31038766,30422679
273209217,272615946
497413971,497097700
484353615,484068078
503568804,503407691
503711121,503415710
499409794,498758473
463603963,461623515
465904009,465324201
511992917,511832227
317436858,316805001
67463343,67034729
209670176,208575581
246862608,246238262
245418623,245143266
251273715,251116434
260486081,259995036
235162007,234965325
289865148,289568109
272492054,271996395
282002712,281785031
276061426,275856030
34926832,34314970
31437490,30927791
444659567,443482776
477398868,467561151
497480929,497320812
507017233,506498293
530309360,530131576
536456673,535899331
528008685,527536233
536617661,535951064
342634773,341821528
395209288,394634042
26921717,26308760
224915078,224399300
221807392,221656700
248118554,247499115
258635711,258038979
226989886,226823258
217826990,217617772
255936185,255690452
184889186,184686667
188733870,188436263
55886181,55658250
249944438,249685266
270670713,270347337
295144276,294491872
303261637,302665068
301657575,301499478
292161092,291984309
311824434,310803993
239696808,239395878
326849451,326247751
317460949,316905096
39910470,39330192
38087638,37767398
198525723,197855577
220421927,219822704
227842742,227364107
237098972,236461298
229016428,228524639
231465544,230119864
239925919,239401491
242774881,242191274
71643020,71404483
57661311,57443444
235542489,234920326
255769620,255236662
211423847,211169422
279555306,278497882
277980676,277395086
292349720,291863274
291932790,291319437
301262243,300965108
242925845,242675961
305933611,305700681
32519054,31796689
197372673,196955093
217126135,216832637
250880292,250644916
241364972,241115540
235285577,235084120
224027693,223798625
259140045,258947533
248512362,248258297
272474170,272306343
58023527,57714123
34253110,33602965
149083502,148763811
217139680,215153664
248878459,248649064
217155331,216918446
234735621,234580091
249428483,249181614
253921641,253714412
218740348,218482885
257100177,256313378
58886888,58645087
33397439,32969201
178651676,178017498
254545382,253862608
237586543,237433537
241021696,240797786
240906768,240757165
271149725,270867317
276673572,276122740
232225947,231963515
289295677,288737499
132335404,132106372
34434026,33746638
251637636,251474369
261293781,261137101
251304683,251076936
253844589,253660730
251583156,251387482
287398027,287236994
300564712,299940327
296132156,295937545
304652578,304165462
104760861,104510013
258717218,257938456
281773097,281053442
320849197,320247917
339897540,335488670
342932095,342192719
342980159,342723529
355525809,355021526
354170322,353598582
342959084,342807742
355152777,354999475
36883154,36243321
30423187,30101100
227671621,227203931
224544403,224382033
220552958,220311778
252824455,252606365
238392449,238026665
302999803,301913265
281079948,280911968
281682062,281537966
165848486,165581389
150464894,149425963
252633661,251993021
257354321,256788927
257257651,257000044
275225616,275060704
299217276,298881971
259464246,254987511
268823573,268527839
182375303,182112944
193188258,192890792
271484358,270931892
169171320,168634294
191737572,191120705
204507724,204286784
254648061,254460887
214869365,214723249
218516062,218305951
228276330,228121622
241353062,241202864
239769373,239602908
246560628,246358087
92235772,91609735
98633263,97976787
77090600,76830833
199610226,199442302
212281836,211740481
207261781,204739265
249717912,249131923
258714375,258020643
245767398,245610627
265698546,265130324
102041685,101883937
102124811,101796560
105285368,105009658
237525216,236903632
242193454,233062622
261100348,260532932
240237675,236056036
253694834,253190448
281745521,281205622
295657749,293424837
209838209,209681310
218788669,218285682
221182314,220856860
197580745,196912971
206674651,206130532
233406780,233140001
240143212,239937736
251930061,251715017
220114001,219918608
234635893,234291877
235836510,235692364
225732468,225547205
237860742,237702490
77908728,76863188
80742032,80522342
221104089,220945783
240843350,240473989
183844275,183572760
212632187,212156080
219402173,219220134
220234078,219673968
243302216,243048062
228944946,228750732
52845601,52609770
49008131,48775300
187845442,187190616
233674500,233502462
259115519,258854121
260515065,260275510
282930215,282676489
273173968,273023712
269504777,269359327
272313092,272002900
190552485,190379411
201416513,201185635
37709574,37090478
187154773,186904061
217752213,217252449
242859283,242711840
244739227,244206338
256796946,253886633
275585303,274668575
262199197,261719823
270760793,268775711
272245824,271699429
120464715,120206095
39866513,39114214
59269479,58424077
179134954,178899568
188210218,187940226
190748230,190529255
180285278,180110197
201131122,200917663
219422429,219270308
223069916,222872060
226240350,226088071
68053611,67834747
35102355,34801810
103733089,103193470
176142555,175351703
196605474,196431038
242466994,241870469
226690052,226484680
216046105,215785830
250433729,249967066
252163014,251980179
272146716,271684829
186946291,186655167
31898133,31191899
33929369,33673551
217660029,216495745
189719875,189494676
228648148,228042661
277677327,277174509
258526009,258308191
295949651,295397384
296539136,295997890
200042232,199745773
312667966,312200327
153706374,153447877
126172824,124373406
126932576,124233402
189266375,189063673
233168268,232836924
209442948,209285382
240460524,240298679
229411438,229207465
232361528,232160538
224185760,224017840
224407482,224259335
56691454,56164923
64120600,63871526
32889347,31663410
351477304,351289657
392380401,391552235
437806135,437332976
448967474,448493530
461385502,456339074
481717317,481190710
482428843,481938955
363841191,363606581
373980625,373125713
309564019,308947686
48601049,47907764
44962667,44682986
111726937,111049294
170274720,170120443
185963250,185697356
199448081,199138427
158427876,158253036
196891996,196613388
202807488,202641479
183199820,183055681
81212989,80980082
61551261,61324953
30811933,30225062
192227385,191630376
190191826,190011061
261398268,260899318
219145718,218755628
241403538,241061499
195416790,195135487
234101627,233870605
236647222,236454725
187014580,186744305
86668269,86433788
64338408,63696632
58954457,58727550
206696757,206543455
235933514,235342860
228444351,228283203
233688069,233488028
205897846,205618843
260176230,259655211
239880823,239643114
269492624,268988760
69532220,69263716
72923790,72776904
79422073,78816177
238177611,237694203
229634813,229477994
258506918,257978494
268377716,267769538
247809901,247661189
275127869,274645265
269768966,269540187
201095206,200799734
204912964,204447675
30604436,30082617
240278103,239571372
271344110,270793236
240595259,240430513
280559117,280338859
277496726,277019930
285505065,284912001
293897893,293386389
278246785,278093207
300344533,300096775
217394407,217146254
28839769,28252515
224179807,223456439
249432771,248841712
255006675,254751403
263521730,263268385
253904203,253749016
253640643,253419584
271617022,271056775
275809155,275296079
294289286,293784071
84827673,84589035
92490514,91826862
190742697,190431718
241863573,241617694
244077807,243934138
254351824,254105391
212656496,212457786
254981388,254841376
237087874,236801910
275319511,275160109
283129158,282615463
30754742,30468718
37862088,37534713
265283243,262701700
269594797,269093879
251470657,251170747
276665100,276183567
293718587,293226746
271125065,270948528
274363997,274188749
303569816,302992019
224051826,223793590
141013343,140773169
292704614,292187356
294703326,294135546
300025377,299413166
270542268,270387980
287062698,286886557
290873407,290717103
266410385,266249580
279651508,279455406
282266991,282024100
328582934,327997452
275177795,274637709
271759021,271524640
293021800,292411451
297512392,296976939
291346898,291165720
317225678,316586134
313937330,313433779
308743577,308261903
307398548,306927061
305424073,304952520
274664981,273877674
264364221,263890407
272067618,262294927
287934032,287376542
293583354,293019815
288999120,288475184
282551506,282037564
296783539,296323340
288282719,287790244
305588034,305064667
243505720,242800848
261705270,261253225
270621395,270198120
283097516,282536687
289504584,288952137
299476028,298904207
318452333,317861775
318018951,317478159
319184309,318691979
340278310,339435692
66701053,66029547
198712487,198191182
217362101,216662832
213786991,213614172
232201197,231935360
211258029,210712680
250945174,250755146
219915735,219472609
224705536,224143486
239138715,238935292
38909979,38591714
116334189,115660770
159541366,159320813
223703440,223121650
217141935,216897907
219791130,219494921
218618177,218438497
249644033,249438213
207331054,207116678
227992766,227783775
184525536,184268258
32249609,31619674
30721901,30060026
31789438,31225807
203188285,202704572
218189696,218037885
215460518,215315502
228189825,228036465
241933984,241441175
247042373,246551208
242931656,242622723
173844550,173592408
123867952,123619033
52968521,52734037
157480799,156744012
227698496,227383663
283578504,282985685
239652743,239416541
266938825,266744356
269538281,269304891
310075169,309839641
221201335,220875661
279839210,279483748
251380128,251174722
31820857,31144534
35276204,34550845
228752017,228069507
238027057,237764220
209472753,209263001
219433232,219271991
254769831,254543793
252249562,252042097
260019199,259747033
302529678,302050099
146636965,146327358
84277967,83992265
218809592,218129647
219109175,217978273
239901388,239554738
225411232,225235008
258146056,257998846
241598073,241358471
232708676,232472627
225261957,224980327
264180775,263710515
219018154,218722775
204074486,203382092
223174217,222412783
221153346,220902324
235386788,235105846
222948744,222428016
223956226,223793507
266163193,265882655
230984872,230841035
267379144,266720581
233894998,233745187
48374461,47546738
75243197,75061582
139709660,139466430
214060630,213804701
210491170,210029995
201507126,201291150
209029120,208831993
231023942,230700851
212581789,212071085
218248185,217781348
50204462,49952016
35391793,34924793
27936532,27622188
229824319,229174948
239286268,238724329
251921984,251621641
284102571,283116266
273285010,273063420
290412685,290254814
271780135,271408922
303722902,303559913
167078714,166780894
239090272,238813880
57186363,56468298
141679393,141450174
203626583,202928496
191843857,191442101
225397569,224862277
231700434,231424239
192962703,192784079
202140512,201937084
221251484,220768200
225745303,225366314
30530283,29876411
33364530,32631377
187045920,186358565
241707511,241130970
252513362,252294604
273043908,272823667
248710847,248515898
253588487,253442982
283447964,283305022
279836419,279648017
149965922,149040554
217113930,216821837
50522679,49913844
220226647,220054528
250303723,249671045
241327443,241126064
244256834,244091361
268675508,268123169
226685627,226500053
244614550,242558147
243880886,243737514
288647644,288475988
96666295,96430842
175978206,175399188
278246431,278024501
272620643,272326861
282089508,281857005
307050713,306876465
314889983,314467531
285825361,285574180
289006489,288803820
271804710,271171357
285412258,284854969
33662073,33403464
180230325,179576646
228157887,227800104
227047969,226815589
215831658,215598130
235886275,235302939
239820399,239575246
234559284,234392230
249848371,249283799
241113426,238053713
148331577,148018798
36015402,35289872
134054352,133399477
163803026,163274022
225460081,224960823
205628808,205401067
234506146,234282900
218947086,218756713
223156376,222941599
250960322,250426974
259342184,259092830
84236797,83989691
69342712,68599199
50671438,50344524
234445332,233900821
276244160,276063632
267888895,267266953
257942219,253977985
256123102,255578787
260336612,260165696
312072437,311460721
300338083,299743931
150954912,150538316
130505035,130222624
264386985,263805532
231250621,231085617
282268525,281711441
285756327,285187041
258785757,258461906
314144120,313521140
321893662,320967068
317259523,316725581
319796432,319335839
303946396,303451967
158209278,157464723
207765092,207419999
237576906,237331890
246744857,246513676
240028884,239543700
252482038,247215926
253939497,253339739
252323254,251816164
258160608,257635317
268011687,267520866
30631607,29936093
167129173,166556561
280859593,280369451
302619962,302059079
302640082,302162520
312732965,310819969
316809644,316144874
317845661,317289256
274324823,273807500
187618468,187350563
289004883,288388935
28644904,28397299
243275509,242731229
261140930,260516783
265021070,264852251
271145653,269432696
253587481,253425788
274481754,273965560
260773935,260492569
199930474,199351196
290493724,290347607
298206557,297978987
186684133,186126806
222382163,221784452
214613100,214055217
234952598,234392146
241253863,240558495
265543132,265217349
267285061,266981945
260905022,260357974
272962176,272504854
277005450,276565643
47422334,46581769
44145811,43804311
195064068,194609926
235638607,235485096
249958231,249722317
224015254,223426297
266530424,265797062
268259954,267895916
250342595,249809101
243042734,242531183
108936471,108682021
91473384,91211232
44085869,43478392
210458330,210207626
243938470,243407094
261729827,261066949
277533924,277073978
217198272,216984544
233041763,232793952
292468927,292148088
295012428,294861827
317560386,316996552
110861368,103753849
43627680,42893222
112836729,112594539
221062075,220693140
242412605,242131963
212253211,211665044
256110625,255624318
216955056,216724448
270430816,269809381
247755514,247530383
272947577,272787108
54396995,54160025
27982729,27731428
242857809,242703645
272584724,272044622
275154881,274686810
264141262,263828539
268490119,268264988
269490120,269327400
299448191,298829031
300429282,299876986
265033906,264788655
187479088,187221163
258272051,257799101
274465161,273897907
275919470,275361274
245481043,245244724
288232277,287708840
303252052,301257344
299042938,298455854
281837131,281540044
309798602,300605477
281779518,281585191
157820011,157128910
253645172,253180541
259608707,259140480
268772299,268243798
273720869,273244481
286672906,286163887
285030514,284494625
282756370,279909980
298295972,297806600
299924045,298607913
30767451,29814756
209567391,209011278
245107371,237947319
254384243,253857671
266175795,265720369
272275354,268790422
285086328,284504053
295533275,295283918
310982043,309969860
311329134,310835380
208653486,208390238
62456610,61709904
47023326,46442499
129769075,129509126
190826819,190493890
206014029,205835578
185611467,185124603
238041951,237878334
228327946,228078198
211940285,211767619
218941918,218684052
80036956,79694329
72099404,71796504
27408408,26815404
34109908,33496400
205898184,205733699
218377097,217766599
213830121,213644991
228570104,228342278
208960437,208670978
236762606,236609826
202148003,201896994
203198832,202992287
130414711,130167249
59995956,59730170
263902872,263305620
294834027,294355953
291714138,291165284
318891082,318239258
293331939,292679919
238247728,237912272
244358355,244207758
268391491,268246954
283435869,283156075
276121387,275870999
25702559,25084548
241585105,241422302
248874526,248712276
237851823,237397500
247678232,247353740
252741625,252207699
255344205,255194527
283147849,282960228
293375265,292837465
295618718,295037091
60665606,60428919
252158471,251556559
293136044,292600670
266786573,266260704
278326087,278182095
304884528,300216896
293536237,293266824
297623987,296837674
295956285,294169612
271202704,270970907
310701058,310528844
223783890,223619990
271857443,271288290
270520307,270053252
256114570,255770633
258488253,258289967
260593722,260452231
262395813,262205836
306246076,305689949
275981101,275743683
311086575,310511092
266735977,266436404
292439761,291964653
304320420,303586830
273275149,272778512
278923490,278354089
291163622,290893447
293466705,293314897
293978500,293438199
320338318,319709368
300418596,295679526
264996850,264534266
278634775,278123417
279006762,278504271
290543913,289935323
287193856,286634879
290023469,289528238
293342821,292849943
297662004,296002723
296804308,296354412
300555607,300017132
261867234,261395059
284358919,283901736
286341981,285809675
286429392,285883255
298004231,297406575
296204212,295707433
307927708,306428362
300291643,299769444
300264898,299768907
306564302,306001673
262468313,261746369
305113259,304636773
319528114,318969673
325103749,323175667
331126006,330647343
357571824,351112050
356442546,355957810
353762191,353223863
371041633,364799175
363775015,363258229
279805374,279550304
263820638,263554277
295961475,295456689
265432187,265226717
302207178,301676790
297492368,297168952
260516970,260294320
309074363,308932415
321959846,321325785
264040045,263853702
248461975,247995385
278783486,277814407
275328511,274745245
283851101,283264299
295008424,294539391
299479694,298744318
301020634,300395642
303368503,302832803
299953741,299284968
303672832,303199084
248013720,247258762
247232446,246661193
260073706,259534378
261619774,261154524
272755966,272270119
270281560,269817908
276585496,276112876
285189919,284708174
290577408,290024003
296822619,296142954
248697486,248138323
285443532,284695208
273147960,272678360
281270936,280798900
287913485,287436522
293371426,292758697
294866532,294404372
295426822,294973354
301341974,300844165
309946234,309356931
132163985,131565014
253137117,252569972
264063985,263591177
268479534,267938812
277674471,277191708
281529845,280995755
280336233,279830979
298120439,297520046
304997294,300155429
300509752,300027867
30872085,30619135
202869964,202268265
244562352,244272327
222966714,222814497
228620215,228325033
278915068,278646832
280705525,280557439
284694967,284480889
288688487,288518742
290772684,290575873
165440081,165152128
33089517,32503383
57998973,57749256
149068089,148768591
160293671,160032676
193584195,193288307
198998381,198405134
196065588,195527582
210099047,208287246
217304012,216611920
220254770,219751063
31005294,30640505
30664307,29303846
98751884,98188141
129571031,128750005
213960202,213705071
194340798,194072401
217001047,216834256
227289474,227071964
206440180,206290434
221874391,221594057
188299240,187997561
126354407,126113812
44506364,44235654
42264134,42014357
225956669,225294878
242224902,241609197
246816047,246667698
272123000,271576946
277754111,277579577
278021040,277367686
245273967,244741738
253800863,252944983
178172101,177907771
169853222,169566894
212533358,211887294
275833929,275247608
244593746,244326128
252371043,252152587
273494571,273321300
283135584,282818472
247290058,246997677
230145132,229955548
232594643,232341240
253970091,253827907
29065181,28381766
51378896,50745228
219104190,218802571
215530326,215382079
204931963,204753057
253076519,252669107
208553774,208360861
269381045,268839119
226650384,226444492
244305147,244084228
99747582,99455520
45416198,45181916
170713727,166415124
202422137,201523336
209689501,209518377
257342994,256829277
255540252,255392246
260461293,259604026
225234841,225098676
195978194,195704000
206468665,206186720
252252386,252043447
64036600,63422915
49037772,48386827
246429996,245749562
243017477,242531424
256601533,256063983
238590983,238367093
241429513,241284242
250057439,249788668
284302554,283756550
287016312,286520197
100345446,100095285
106190194,105940519
238452803,237676974
237824360,237286827
243939345,243736824
254637700,254437360
257050742,256840348
260861352,260610796
236528155,236320795
281689083,281531671
286447850,286278158
243424705,243122358
28678689,27997198
186401722,186097321
234851432,234271676
243388416,243128663
220141902,219993961
258010432,256626490
241436172,241231693
272205254,272062072
241916951,241762882
250772423,250622413
59348899,59116097
31173343,30529806
250413203,250235394
285369580,284773929
264110769,263955747
294837433,294260556
271179157,270994630
243985477,243734381
304523198,303932969
279147470,279001524
277895235,277418581
92415157,92159456
86534197,85928678
244927402,244439668
245114607,244594749
282436884,282188939
264109923,263598977
277584165,277366709
258586941,258362718
278562843,277936486
275967942,275512560
282785580,282325675
34338836,34022669
29996468,29391551
247022141,241993689
261764958,261169354
267963804,267498171
271328135,270823363
285127762,284660033
282243775,281783537
293148738,292533169
210684353,204166487
302364398,301051066
65048444,64730005
210281460,209694402
253808669,253580818
242479117,242219464
277090049,276896919
245769050,245538380
285724165,285532073
285690162,285539638
284303886,284153042
292294738,292106696
238678216,238323481
30688532,30115873
216307827,215978634
238509820,238188189
259935396,259747500
264996532,264797796
254050910,253902982
259745540,259551003
283748518,283459255
266435345,266249559
278339763,278146490
96841066,96609309
32518846,31900011
272649537,272041569
230277208,230027710
255454215,255236744
304871182,304317567
308942349,308319319
286025764,285876819
304514420,304322488
316727920,316251483
301603677,301447639
105640826,105359053
547832001,544205390
526189101,523628291
523748127,521939077
541866415,541267060
537217842,536777386
550491706,549885208
583553182,579692055
535587145,534601750
583628786,583044614
560784832,560271698
539015811,538561385
561859789,561367713
585814147,584888814
593445684,592938646
603788980,601947407
611794265,611283802
612520848,610262957
616345180,615860608
625940260,625453450
617076125,616638572
312650837,312189089
327140613,326635151
326193177,325592428
353573858,349910400
354765432,354148868
376496509,375849277
359002202,358439352
367977263,367218184
380767069,380202622
374059005,373574335
248343856,247690744
262399814,261908661
274595144,274041398
288231973,273650672
287995398,287256363
283522467,283039289
282985143,282464674
294858401,294357743
297372859,296857083
306040167,305588271
198209664,197622606
235052517,234405538
265021488,264440359
267978485,267508547
261463581,261258039
282320472,281391059
257116018,256874700
284439835,284033103
294358903,293788388
286200274,286054597
56625678,56061356
51019663,50373548
197208805,197068366
214083016,213896418
231335598,231069159
208527257,208378770
229601662,229429076
229870433,229697583
227072558,226845961
237466872,237337140
59915714,59781679
66721994,66545372
169550113,168913232
246457862,246311748
268509172,267971934
271704063,271277437
284388741,283929110
276653807,276457676
296596006,296089992
303317182,303078087
217429597,217246768
225101417,224904851
30282384,29719838
246606770,246180609
255182488,254726710
272709408,272245500
266106050,265912802
263472237,263102852
288873376,288223792
290250991,289830599
299705730,299176027
287340298,286886774
145678480,145473424
282131390,281607230
256475615,256263208
289020967,288825110
259818625,259671410
290748888,290324132
305111597,302833169
293609474,293095174
308391076,307829661
298405987,298247678
302032760,301506833
265694637,265157486
270105209,269551197
278990321,278832869
300753811,300321644
290187972,289723979
294291664,293661032
315235075,314112227
312943352,312815432
325281202,324668715
306137143,304201061
240404027,239809794
265601042,264989363
271135207,269143561
269025097,268540624
286749000,286162644
274362412,273843777
283669978,283451668
281603743,281076814
303488525,302823228
286758428,286263060
33170229,32530922
239661742,239428600
253431965,252968147
249588326,249301934
275449861,274819743
257428757,257109238
285088569,284648772
264520589,264356662
285187003,285054334
299598463,299034815
66577433,66390584
232852333,232711487
256642876,256486730
282623820,281945467
276891726,276714799
280185027,280012327
287531689,287056767
267760099,267640402
284274929,284135350
320769078,320224515
309707251,309585495
234845482,234273926
245188452,244693515
255529496,255053891
232997620,232854139
258801395,258312694
269336426,268591975
236269606,236151640
247845964,247735422
248632024,248458187
229866597,229744635
237703203,237497084
258076387,257454955
226957551,226767698
234320951,234183765
259570326,259392932
272931491,272472531
231948123,231776542
276629983,276515841
181169462,181037444
211370360,210852463
210182375,209663745
199902000,199762761
203823853,203595431
200793803,200576189
243011962,238398231
210701083,210525244
116895615,116331034
171109339,170918495
162386812,162257554
170555012,170424489
180340893,180160052
183034211,182915268
175260677,175141690
32069068,31501721
117185870,116631385
119141380,118565735
93592057,93397361
127441481,126933290
137512651,131750295
28682967,28481487
36111304,35482637
44639373,44438426
77720674,77536727
72911801,72749185
81039775,80819033
